{"/Users/dulan.manujaya/bloomlings-idle-game/src/data/achievementTemplates.ts": {"path":"/Users/dulan.manujaya/bloomlings-idle-game/src/data/achievementTemplates.ts","statementMap":{"0":{"start":{"line":505,"column":0},"end":{"line":505,"column":16}},"1":{"start":{"line":8,"column":0},"end":{"line":8,"column":69}},"2":{"start":{"line":21,"column":2},"end":{"line":33,"column":4}},"3":{"start":{"line":40,"column":13},"end":{"line":49,"column":2}},"4":{"start":{"line":51,"column":13},"end":{"line":60,"column":2}},"5":{"start":{"line":62,"column":13},"end":{"line":71,"column":2}},"6":{"start":{"line":73,"column":13},"end":{"line":82,"column":2}},"7":{"start":{"line":84,"column":13},"end":{"line":93,"column":2}},"8":{"start":{"line":95,"column":13},"end":{"line":104,"column":2}},"9":{"start":{"line":106,"column":13},"end":{"line":115,"column":2}},"10":{"start":{"line":117,"column":13},"end":{"line":126,"column":2}},"11":{"start":{"line":132,"column":13},"end":{"line":141,"column":2}},"12":{"start":{"line":143,"column":13},"end":{"line":152,"column":2}},"13":{"start":{"line":154,"column":13},"end":{"line":163,"column":2}},"14":{"start":{"line":165,"column":13},"end":{"line":174,"column":2}},"15":{"start":{"line":176,"column":13},"end":{"line":185,"column":2}},"16":{"start":{"line":187,"column":13},"end":{"line":196,"column":2}},"17":{"start":{"line":198,"column":13},"end":{"line":207,"column":2}},"18":{"start":{"line":209,"column":13},"end":{"line":218,"column":2}},"19":{"start":{"line":220,"column":13},"end":{"line":229,"column":2}},"20":{"start":{"line":235,"column":13},"end":{"line":244,"column":2}},"21":{"start":{"line":246,"column":13},"end":{"line":255,"column":2}},"22":{"start":{"line":257,"column":13},"end":{"line":266,"column":2}},"23":{"start":{"line":268,"column":13},"end":{"line":277,"column":2}},"24":{"start":{"line":279,"column":13},"end":{"line":288,"column":2}},"25":{"start":{"line":290,"column":13},"end":{"line":299,"column":2}},"26":{"start":{"line":301,"column":13},"end":{"line":310,"column":2}},"27":{"start":{"line":316,"column":13},"end":{"line":325,"column":2}},"28":{"start":{"line":327,"column":13},"end":{"line":336,"column":2}},"29":{"start":{"line":338,"column":13},"end":{"line":347,"column":2}},"30":{"start":{"line":349,"column":13},"end":{"line":358,"column":2}},"31":{"start":{"line":360,"column":13},"end":{"line":369,"column":2}},"32":{"start":{"line":371,"column":13},"end":{"line":380,"column":2}},"33":{"start":{"line":386,"column":13},"end":{"line":395,"column":2}},"34":{"start":{"line":397,"column":13},"end":{"line":406,"column":2}},"35":{"start":{"line":408,"column":13},"end":{"line":417,"column":2}},"36":{"start":{"line":419,"column":13},"end":{"line":428,"column":2}},"37":{"start":{"line":430,"column":13},"end":{"line":439,"column":2}},"38":{"start":{"line":441,"column":13},"end":{"line":450,"column":2}},"39":{"start":{"line":456,"column":13},"end":{"line":498,"column":2}},"40":{"start":{"line":501,"column":13},"end":{"line":502,"column":55}},"41":{"start":{"line":502,"column":43},"end":{"line":502,"column":52}},"42":{"start":{"line":506,"column":46},"end":{"line":506,"column":48}},"43":{"start":{"line":507,"column":2},"end":{"line":509,"column":3}},"44":{"start":{"line":508,"column":4},"end":{"line":508,"column":42}},"45":{"start":{"line":510,"column":2},"end":{"line":510,"column":16}}},"fnMap":{"0":{"name":"def","decl":{"start":{"line":11,"column":9},"end":{"line":11,"column":12}},"loc":{"start":{"line":19,"column":23},"end":{"line":34,"column":1}}},"1":{"name":"(anonymous_1)","decl":{"start":{"line":502,"column":36},"end":{"line":502,"column":37}},"loc":{"start":{"line":502,"column":43},"end":{"line":502,"column":52}}},"2":{"name":"buildInitialAchievements","decl":{"start":{"line":505,"column":16},"end":{"line":505,"column":40}},"loc":{"start":{"line":505,"column":40},"end":{"line":511,"column":1}}}},"branchMap":{},"s":{"0":1,"1":1,"2":36,"3":1,"4":1,"5":1,"6":1,"7":1,"8":1,"9":1,"10":1,"11":1,"12":1,"13":1,"14":1,"15":1,"16":1,"17":1,"18":1,"19":1,"20":1,"21":1,"22":1,"23":1,"24":1,"25":1,"26":1,"27":1,"28":1,"29":1,"30":1,"31":1,"32":1,"33":1,"34":1,"35":1,"36":1,"37":1,"38":1,"39":1,"40":1,"41":36,"42":2,"43":2,"44":72,"45":2},"f":{"0":36,"1":36,"2":2},"b":{}}
,"/Users/dulan.manujaya/bloomlings-idle-game/src/data/bloomlingTemplates.ts": {"path":"/Users/dulan.manujaya/bloomlings-idle-game/src/data/bloomlingTemplates.ts","statementMap":{"0":{"start":{"line":624,"column":0},"end":{"line":624,"column":16}},"1":{"start":{"line":9,"column":0},"end":{"line":9,"column":null}},"2":{"start":{"line":18,"column":13},"end":{"line":614,"column":2}},"3":{"start":{"line":617,"column":13},"end":{"line":621,"column":39}},"4":{"start":{"line":620,"column":33},"end":{"line":620,"column":42}},"5":{"start":{"line":627,"column":2},"end":{"line":627,"column":36}}},"fnMap":{"0":{"name":"(anonymous_0)","decl":{"start":{"line":620,"column":26},"end":{"line":620,"column":27}},"loc":{"start":{"line":620,"column":33},"end":{"line":620,"column":42}}},"1":{"name":"getBloomlingTemplate","decl":{"start":{"line":624,"column":16},"end":{"line":624,"column":36}},"loc":{"start":{"line":625,"column":12},"end":{"line":628,"column":1}}}},"branchMap":{},"s":{"0":5,"1":5,"2":5,"3":5,"4":175,"5":6},"f":{"0":175,"1":6},"b":{}}
,"/Users/dulan.manujaya/bloomlings-idle-game/src/data/perkTemplates.ts": {"path":"/Users/dulan.manujaya/bloomlings-idle-game/src/data/perkTemplates.ts","statementMap":{"0":{"start":{"line":21,"column":13},"end":{"line":29,"column":11}},"1":{"start":{"line":45,"column":13},"end":{"line":45,"column":45}},"2":{"start":{"line":48,"column":13},"end":{"line":48,"column":44}},"3":{"start":{"line":51,"column":13},"end":{"line":51,"column":44}},"4":{"start":{"line":53,"column":13},"end":{"line":120,"column":2}},"5":{"start":{"line":122,"column":13},"end":{"line":124,"column":2}},"6":{"start":{"line":123,"column":28},"end":{"line":123,"column":37}}},"fnMap":{"0":{"name":"(anonymous_0)","decl":{"start":{"line":123,"column":21},"end":{"line":123,"column":22}},"loc":{"start":{"line":123,"column":28},"end":{"line":123,"column":37}}}},"branchMap":{},"s":{"0":3,"1":3,"2":3,"3":3,"4":3,"5":3,"6":21},"f":{"0":21},"b":{}}
,"/Users/dulan.manujaya/bloomlings-idle-game/src/engine/abilities.ts": {"path":"/Users/dulan.manujaya/bloomlings-idle-game/src/engine/abilities.ts","statementMap":{"0":{"start":{"line":51,"column":0},"end":{"line":51,"column":16}},"1":{"start":{"line":62,"column":0},"end":{"line":62,"column":16}},"2":{"start":{"line":83,"column":0},"end":{"line":83,"column":16}},"3":{"start":{"line":137,"column":0},"end":{"line":137,"column":16}},"4":{"start":{"line":13,"column":0},"end":{"line":13,"column":59}},"5":{"start":{"line":44,"column":24},"end":{"line":44,"column":27}},"6":{"start":{"line":45,"column":37},"end":{"line":45,"column":40}},"7":{"start":{"line":52,"column":2},"end":{"line":59,"column":3}},"8":{"start":{"line":54,"column":6},"end":{"line":54,"column":15}},"9":{"start":{"line":56,"column":6},"end":{"line":56,"column":15}},"10":{"start":{"line":58,"column":6},"end":{"line":58,"column":15}},"11":{"start":{"line":66,"column":34},"end":{"line":66,"column":36}},"12":{"start":{"line":67,"column":2},"end":{"line":79,"column":3}},"13":{"start":{"line":68,"column":18},"end":{"line":68,"column":51}},"14":{"start":{"line":69,"column":4},"end":{"line":69,"column":30}},"15":{"start":{"line":69,"column":21},"end":{"line":69,"column":30}},"16":{"start":{"line":70,"column":17},"end":{"line":70,"column":42}},"17":{"start":{"line":71,"column":4},"end":{"line":71,"column":24}},"18":{"start":{"line":71,"column":15},"end":{"line":71,"column":24}},"19":{"start":{"line":72,"column":4},"end":{"line":78,"column":7}},"20":{"start":{"line":80,"column":2},"end":{"line":80,"column":16}},"21":{"start":{"line":87,"column":18},"end":{"line":87,"column":39}},"22":{"start":{"line":89,"column":2},"end":{"line":126,"column":3}},"23":{"start":{"line":90,"column":17},"end":{"line":90,"column":42}},"24":{"start":{"line":91,"column":17},"end":{"line":91,"column":47}},"25":{"start":{"line":93,"column":4},"end":{"line":125,"column":5}},"26":{"start":{"line":95,"column":8},"end":{"line":100,"column":9}},"27":{"start":{"line":96,"column":10},"end":{"line":96,"column":55}},"28":{"start":{"line":98,"column":10},"end":{"line":99,"column":78}},"29":{"start":{"line":101,"column":8},"end":{"line":101,"column":14}},"30":{"start":{"line":103,"column":8},"end":{"line":107,"column":9}},"31":{"start":{"line":104,"column":10},"end":{"line":104,"column":52}},"32":{"start":{"line":106,"column":10},"end":{"line":106,"column":49}},"33":{"start":{"line":108,"column":8},"end":{"line":108,"column":14}},"34":{"start":{"line":110,"column":8},"end":{"line":114,"column":9}},"35":{"start":{"line":111,"column":10},"end":{"line":111,"column":65}},"36":{"start":{"line":113,"column":10},"end":{"line":113,"column":57}},"37":{"start":{"line":115,"column":8},"end":{"line":115,"column":14}},"38":{"start":{"line":117,"column":8},"end":{"line":117,"column":57}},"39":{"start":{"line":118,"column":8},"end":{"line":118,"column":14}},"40":{"start":{"line":120,"column":8},"end":{"line":120,"column":54}},"41":{"start":{"line":121,"column":8},"end":{"line":121,"column":14}},"42":{"start":{"line":123,"column":8},"end":{"line":123,"column":44}},"43":{"start":{"line":124,"column":8},"end":{"line":124,"column":14}},"44":{"start":{"line":128,"column":2},"end":{"line":128,"column":79}},"45":{"start":{"line":129,"column":2},"end":{"line":132,"column":4}},"46":{"start":{"line":134,"column":2},"end":{"line":134,"column":17}},"47":{"start":{"line":138,"column":2},"end":{"line":148,"column":4}}},"fnMap":{"0":{"name":"getAbilityPower","decl":{"start":{"line":51,"column":16},"end":{"line":51,"column":31}},"loc":{"start":{"line":51,"column":53},"end":{"line":60,"column":1}}},"1":{"name":"getActiveAbilities","decl":{"start":{"line":62,"column":16},"end":{"line":62,"column":34}},"loc":{"start":{"line":64,"column":68},"end":{"line":81,"column":1}}},"2":{"name":"computeAbilityBonuses","decl":{"start":{"line":83,"column":16},"end":{"line":83,"column":37}},"loc":{"start":{"line":85,"column":68},"end":{"line":135,"column":1}}},"3":{"name":"emptyAbilityBonuses","decl":{"start":{"line":137,"column":16},"end":{"line":137,"column":35}},"loc":{"start":{"line":137,"column":35},"end":{"line":149,"column":1}}}},"branchMap":{"0":{"loc":{"start":{"line":52,"column":2},"end":{"line":59,"column":3}},"type":"switch","locations":[{"start":{"line":53,"column":4},"end":{"line":54,"column":15}},{"start":{"line":55,"column":4},"end":{"line":56,"column":15}},{"start":{"line":57,"column":4},"end":{"line":58,"column":15}}]},"1":{"loc":{"start":{"line":69,"column":4},"end":{"line":69,"column":30}},"type":"if","locations":[{"start":{"line":69,"column":4},"end":{"line":69,"column":30}}]},"2":{"loc":{"start":{"line":71,"column":4},"end":{"line":71,"column":24}},"type":"if","locations":[{"start":{"line":71,"column":4},"end":{"line":71,"column":24}}]},"3":{"loc":{"start":{"line":91,"column":17},"end":{"line":91,"column":47}},"type":"binary-expr","locations":[{"start":{"line":91,"column":17},"end":{"line":91,"column":41}},{"start":{"line":91,"column":45},"end":{"line":91,"column":47}}]},"4":{"loc":{"start":{"line":93,"column":4},"end":{"line":125,"column":5}},"type":"switch","locations":[{"start":{"line":94,"column":6},"end":{"line":101,"column":14}},{"start":{"line":102,"column":6},"end":{"line":108,"column":14}},{"start":{"line":109,"column":6},"end":{"line":115,"column":14}},{"start":{"line":116,"column":6},"end":{"line":118,"column":14}},{"start":{"line":119,"column":6},"end":{"line":121,"column":14}},{"start":{"line":122,"column":6},"end":{"line":124,"column":14}}]},"5":{"loc":{"start":{"line":95,"column":8},"end":{"line":100,"column":9}},"type":"if","locations":[{"start":{"line":95,"column":8},"end":{"line":100,"column":9}},{"start":{"line":97,"column":15},"end":{"line":100,"column":9}}]},"6":{"loc":{"start":{"line":95,"column":12},"end":{"line":95,"column":70}},"type":"binary-expr","locations":[{"start":{"line":95,"column":12},"end":{"line":95,"column":39}},{"start":{"line":95,"column":43},"end":{"line":95,"column":70}}]},"7":{"loc":{"start":{"line":99,"column":13},"end":{"line":99,"column":59}},"type":"binary-expr","locations":[{"start":{"line":99,"column":13},"end":{"line":99,"column":54}},{"start":{"line":99,"column":58},"end":{"line":99,"column":59}}]},"8":{"loc":{"start":{"line":103,"column":8},"end":{"line":107,"column":9}},"type":"if","locations":[{"start":{"line":103,"column":8},"end":{"line":107,"column":9}},{"start":{"line":105,"column":15},"end":{"line":107,"column":9}}]},"9":{"loc":{"start":{"line":110,"column":8},"end":{"line":114,"column":9}},"type":"if","locations":[{"start":{"line":110,"column":8},"end":{"line":114,"column":9}},{"start":{"line":112,"column":15},"end":{"line":114,"column":9}}]}},"s":{"0":4,"1":4,"2":4,"3":4,"4":4,"5":4,"6":4,"7":14,"8":10,"9":2,"10":2,"11":9,"12":9,"13":11,"14":11,"15":9,"16":2,"17":2,"18":0,"19":2,"20":9,"21":11,"22":11,"23":48,"24":48,"25":48,"26":2,"27":2,"28":0,"29":2,"30":30,"31":30,"32":0,"33":30,"34":1,"35":1,"36":0,"37":1,"38":15,"39":15,"40":0,"41":0,"42":0,"43":0,"44":11,"45":11,"46":11,"47":24},"f":{"0":14,"1":9,"2":11,"3":24},"b":{"0":[10,2,2],"1":[9],"2":[0],"3":[48,0],"4":[2,30,1,15,0,0],"5":[2,0],"6":[2,0],"7":[0,0],"8":[30,0],"9":[1,0]}}
,"/Users/dulan.manujaya/bloomlings-idle-game/src/engine/achievements.ts": {"path":"/Users/dulan.manujaya/bloomlings-idle-game/src/engine/achievements.ts","statementMap":{"0":{"start":{"line":55,"column":0},"end":{"line":55,"column":16}},"1":{"start":{"line":176,"column":0},"end":{"line":176,"column":16}},"2":{"start":{"line":200,"column":0},"end":{"line":200,"column":16}},"3":{"start":{"line":14,"column":0},"end":{"line":14,"column":64}},"4":{"start":{"line":40,"column":37},"end":{"line":45,"column":2}},"5":{"start":{"line":59,"column":21},"end":{"line":59,"column":52}},"6":{"start":{"line":60,"column":27},"end":{"line":60,"column":63}},"7":{"start":{"line":60,"column":52},"end":{"line":60,"column":62}},"8":{"start":{"line":62,"column":2},"end":{"line":162,"column":3}},"9":{"start":{"line":65,"column":6},"end":{"line":65,"column":57}},"10":{"start":{"line":65,"column":38},"end":{"line":65,"column":48}},"11":{"start":{"line":68,"column":6},"end":{"line":74,"column":12}},"12":{"start":{"line":70,"column":10},"end":{"line":71,"column":51}},"13":{"start":{"line":77,"column":6},"end":{"line":81,"column":12}},"14":{"start":{"line":78,"column":15},"end":{"line":78,"column":56}},"15":{"start":{"line":84,"column":6},"end":{"line":84,"column":57}},"16":{"start":{"line":84,"column":38},"end":{"line":84,"column":48}},"17":{"start":{"line":87,"column":6},"end":{"line":87,"column":57}},"18":{"start":{"line":87,"column":38},"end":{"line":87,"column":48}},"19":{"start":{"line":90,"column":6},"end":{"line":90,"column":58}},"20":{"start":{"line":94,"column":6},"end":{"line":94,"column":50}},"21":{"start":{"line":97,"column":6},"end":{"line":99,"column":15}},"22":{"start":{"line":98,"column":15},"end":{"line":98,"column":56}},"23":{"start":{"line":105,"column":6},"end":{"line":105,"column":49}},"24":{"start":{"line":109,"column":6},"end":{"line":109,"column":35}},"25":{"start":{"line":113,"column":6},"end":{"line":113,"column":38}},"26":{"start":{"line":117,"column":6},"end":{"line":117,"column":43}},"27":{"start":{"line":127,"column":6},"end":{"line":127,"column":47}},"28":{"start":{"line":133,"column":6},"end":{"line":133,"column":41}},"29":{"start":{"line":136,"column":6},"end":{"line":136,"column":46}},"30":{"start":{"line":140,"column":6},"end":{"line":140,"column":47}},"31":{"start":{"line":143,"column":6},"end":{"line":143,"column":52}},"32":{"start":{"line":150,"column":6},"end":{"line":150,"column":16}},"33":{"start":{"line":154,"column":20},"end":{"line":156,"column":14}},"34":{"start":{"line":155,"column":15},"end":{"line":155,"column":54}},"35":{"start":{"line":157,"column":6},"end":{"line":157,"column":19}},"36":{"start":{"line":161,"column":6},"end":{"line":161,"column":15}},"37":{"start":{"line":177,"column":26},"end":{"line":177,"column":28}},"38":{"start":{"line":179,"column":2},"end":{"line":187,"column":3}},"39":{"start":{"line":180,"column":4},"end":{"line":180,"column":40}},"40":{"start":{"line":180,"column":31},"end":{"line":180,"column":40}},"41":{"start":{"line":181,"column":4},"end":{"line":181,"column":67}},"42":{"start":{"line":181,"column":58},"end":{"line":181,"column":67}},"43":{"start":{"line":183,"column":21},"end":{"line":183,"column":59}},"44":{"start":{"line":184,"column":4},"end":{"line":186,"column":5}},"45":{"start":{"line":185,"column":6},"end":{"line":185,"column":33}},"46":{"start":{"line":189,"column":2},"end":{"line":189,"column":15}},"47":{"start":{"line":201,"column":38},"end":{"line":201,"column":40}},"48":{"start":{"line":202,"column":2},"end":{"line":209,"column":3}},"49":{"start":{"line":203,"column":4},"end":{"line":208,"column":5}},"50":{"start":{"line":204,"column":6},"end":{"line":204,"column":50}},"51":{"start":{"line":206,"column":16},"end":{"line":206,"column":54}},"52":{"start":{"line":207,"column":6},"end":{"line":207,"column":65}},"53":{"start":{"line":210,"column":2},"end":{"line":210,"column":16}}},"fnMap":{"0":{"name":"computeProgress","decl":{"start":{"line":55,"column":16},"end":{"line":55,"column":31}},"loc":{"start":{"line":57,"column":25},"end":{"line":163,"column":1}}},"1":{"name":"(anonymous_1)","decl":{"start":{"line":60,"column":45},"end":{"line":60,"column":46}},"loc":{"start":{"line":60,"column":52},"end":{"line":60,"column":62}}},"2":{"name":"(anonymous_2)","decl":{"start":{"line":65,"column":31},"end":{"line":65,"column":32}},"loc":{"start":{"line":65,"column":38},"end":{"line":65,"column":48}}},"3":{"name":"(anonymous_3)","decl":{"start":{"line":69,"column":8},"end":{"line":69,"column":9}},"loc":{"start":{"line":70,"column":10},"end":{"line":71,"column":51}}},"4":{"name":"(anonymous_4)","decl":{"start":{"line":78,"column":8},"end":{"line":78,"column":9}},"loc":{"start":{"line":78,"column":15},"end":{"line":78,"column":56}}},"5":{"name":"(anonymous_5)","decl":{"start":{"line":84,"column":31},"end":{"line":84,"column":32}},"loc":{"start":{"line":84,"column":38},"end":{"line":84,"column":48}}},"6":{"name":"(anonymous_6)","decl":{"start":{"line":87,"column":31},"end":{"line":87,"column":32}},"loc":{"start":{"line":87,"column":38},"end":{"line":87,"column":48}}},"7":{"name":"(anonymous_7)","decl":{"start":{"line":98,"column":8},"end":{"line":98,"column":9}},"loc":{"start":{"line":98,"column":15},"end":{"line":98,"column":56}}},"8":{"name":"(anonymous_8)","decl":{"start":{"line":155,"column":8},"end":{"line":155,"column":9}},"loc":{"start":{"line":155,"column":15},"end":{"line":155,"column":54}}},"9":{"name":"checkAchievements","decl":{"start":{"line":176,"column":16},"end":{"line":176,"column":33}},"loc":{"start":{"line":176,"column":57},"end":{"line":190,"column":1}}},"10":{"name":"computeAllProgress","decl":{"start":{"line":200,"column":16},"end":{"line":200,"column":34}},"loc":{"start":{"line":200,"column":58},"end":{"line":211,"column":1}}}},"branchMap":{"0":{"loc":{"start":{"line":62,"column":2},"end":{"line":162,"column":3}},"type":"switch","locations":[{"start":{"line":64,"column":4},"end":{"line":65,"column":57}},{"start":{"line":67,"column":4},"end":{"line":74,"column":12}},{"start":{"line":76,"column":4},"end":{"line":81,"column":12}},{"start":{"line":83,"column":4},"end":{"line":84,"column":57}},{"start":{"line":86,"column":4},"end":{"line":87,"column":57}},{"start":{"line":89,"column":4},"end":{"line":90,"column":58}},{"start":{"line":92,"column":4},"end":{"line":94,"column":50}},{"start":{"line":96,"column":4},"end":{"line":99,"column":15}},{"start":{"line":102,"column":4},"end":{"line":102,"column":20}},{"start":{"line":103,"column":4},"end":{"line":103,"column":23}},{"start":{"line":104,"column":4},"end":{"line":105,"column":49}},{"start":{"line":107,"column":4},"end":{"line":107,"column":22}},{"start":{"line":108,"column":4},"end":{"line":109,"column":35}},{"start":{"line":111,"column":4},"end":{"line":111,"column":25}},{"start":{"line":112,"column":4},"end":{"line":113,"column":38}},{"start":{"line":115,"column":4},"end":{"line":115,"column":25}},{"start":{"line":116,"column":4},"end":{"line":117,"column":43}},{"start":{"line":120,"column":4},"end":{"line":120,"column":23}},{"start":{"line":121,"column":4},"end":{"line":121,"column":25}},{"start":{"line":122,"column":4},"end":{"line":122,"column":29}},{"start":{"line":123,"column":4},"end":{"line":123,"column":22}},{"start":{"line":124,"column":4},"end":{"line":124,"column":24}},{"start":{"line":125,"column":4},"end":{"line":125,"column":24}},{"start":{"line":126,"column":4},"end":{"line":127,"column":47}},{"start":{"line":130,"column":4},"end":{"line":130,"column":22}},{"start":{"line":131,"column":4},"end":{"line":131,"column":28}},{"start":{"line":132,"column":4},"end":{"line":133,"column":41}},{"start":{"line":135,"column":4},"end":{"line":136,"column":46}},{"start":{"line":138,"column":4},"end":{"line":138,"column":24}},{"start":{"line":139,"column":4},"end":{"line":140,"column":47}},{"start":{"line":142,"column":4},"end":{"line":143,"column":52}},{"start":{"line":146,"column":4},"end":{"line":146,"column":28}},{"start":{"line":147,"column":4},"end":{"line":147,"column":23}},{"start":{"line":148,"column":4},"end":{"line":148,"column":27}},{"start":{"line":149,"column":4},"end":{"line":150,"column":16}},{"start":{"line":152,"column":4},"end":{"line":158,"column":5}},{"start":{"line":160,"column":4},"end":{"line":161,"column":15}}]},"1":{"loc":{"start":{"line":68,"column":13},"end":{"line":74,"column":11}},"type":"cond-expr","locations":[{"start":{"line":73,"column":10},"end":{"line":73,"column":11}},{"start":{"line":74,"column":10},"end":{"line":74,"column":11}}]},"2":{"loc":{"start":{"line":70,"column":10},"end":{"line":71,"column":51}},"type":"binary-expr","locations":[{"start":{"line":70,"column":10},"end":{"line":70,"column":51}},{"start":{"line":71,"column":10},"end":{"line":71,"column":51}}]},"3":{"loc":{"start":{"line":77,"column":13},"end":{"line":81,"column":11}},"type":"cond-expr","locations":[{"start":{"line":80,"column":10},"end":{"line":80,"column":11}},{"start":{"line":81,"column":10},"end":{"line":81,"column":11}}]},"4":{"loc":{"start":{"line":90,"column":13},"end":{"line":90,"column":57}},"type":"cond-expr","locations":[{"start":{"line":90,"column":52},"end":{"line":90,"column":53}},{"start":{"line":90,"column":56},"end":{"line":90,"column":57}}]},"5":{"loc":{"start":{"line":155,"column":15},"end":{"line":155,"column":54}},"type":"binary-expr","locations":[{"start":{"line":155,"column":15},"end":{"line":155,"column":39}},{"start":{"line":155,"column":43},"end":{"line":155,"column":54}}]},"6":{"loc":{"start":{"line":180,"column":4},"end":{"line":180,"column":40}},"type":"if","locations":[{"start":{"line":180,"column":4},"end":{"line":180,"column":40}}]},"7":{"loc":{"start":{"line":181,"column":4},"end":{"line":181,"column":67}},"type":"if","locations":[{"start":{"line":181,"column":4},"end":{"line":181,"column":67}}]},"8":{"loc":{"start":{"line":184,"column":4},"end":{"line":186,"column":5}},"type":"if","locations":[{"start":{"line":184,"column":4},"end":{"line":186,"column":5}}]},"9":{"loc":{"start":{"line":203,"column":4},"end":{"line":208,"column":5}},"type":"if","locations":[{"start":{"line":203,"column":4},"end":{"line":208,"column":5}},{"start":{"line":205,"column":11},"end":{"line":208,"column":5}}]},"10":{"loc":{"start":{"line":207,"column":31},"end":{"line":207,"column":64}},"type":"cond-expr","locations":[{"start":{"line":207,"column":40},"end":{"line":207,"column":41}},{"start":{"line":207,"column":44},"end":{"line":207,"column":64}}]}},"s":{"0":1,"1":1,"2":1,"3":1,"4":1,"5":42,"6":42,"7":9,"8":42,"9":1,"10":2,"11":2,"12":2,"13":2,"14":2,"15":0,"16":0,"17":0,"18":0,"19":2,"20":1,"21":1,"22":3,"23":4,"24":7,"25":1,"26":1,"27":7,"28":3,"29":1,"30":1,"31":1,"32":5,"33":1,"34":3,"35":1,"36":1,"37":6,"38":6,"39":7,"40":1,"41":6,"42":2,"43":4,"44":4,"45":3,"46":6,"47":4,"48":4,"49":5,"50":1,"51":4,"52":4,"53":4},"f":{"0":42,"1":9,"2":2,"3":2,"4":2,"5":0,"6":0,"7":3,"8":3,"9":6,"10":4},"b":{"0":[1,2,2,0,0,2,1,1,2,3,4,5,7,1,1,1,1,1,2,3,4,5,6,7,1,2,3,1,1,1,1,1,2,3,5,1,1],"1":[1,1],"2":[2,1],"3":[1,1],"4":[1,1],"5":[3,2],"6":[1],"7":[2],"8":[3],"9":[1,4],"10":[3,1]}}
,"/Users/dulan.manujaya/bloomlings-idle-game/src/engine/autoTap.ts": {"path":"/Users/dulan.manujaya/bloomlings-idle-game/src/engine/autoTap.ts","statementMap":{"0":{"start":{"line":8,"column":0},"end":{"line":8,"column":16}},"1":{"start":{"line":3,"column":13},"end":{"line":3,"column":48}},"2":{"start":{"line":4,"column":13},"end":{"line":4,"column":48}},"3":{"start":{"line":5,"column":13},"end":{"line":5,"column":36}},"4":{"start":{"line":6,"column":13},"end":{"line":6,"column":36}},"5":{"start":{"line":9,"column":2},"end":{"line":9,"column":68}},"6":{"start":{"line":9,"column":42},"end":{"line":9,"column":68}},"7":{"start":{"line":10,"column":2},"end":{"line":10,"column":68}},"8":{"start":{"line":10,"column":42},"end":{"line":10,"column":68}},"9":{"start":{"line":11,"column":2},"end":{"line":11,"column":11}}},"fnMap":{"0":{"name":"getAutoTapRate","decl":{"start":{"line":8,"column":16},"end":{"line":8,"column":30}},"loc":{"start":{"line":8,"column":58},"end":{"line":12,"column":1}}}},"branchMap":{"0":{"loc":{"start":{"line":9,"column":2},"end":{"line":9,"column":68}},"type":"if","locations":[{"start":{"line":9,"column":2},"end":{"line":9,"column":68}}]},"1":{"loc":{"start":{"line":10,"column":2},"end":{"line":10,"column":68}},"type":"if","locations":[{"start":{"line":10,"column":2},"end":{"line":10,"column":68}}]}},"s":{"0":1,"1":1,"2":1,"3":1,"4":1,"5":4,"6":2,"7":2,"8":1,"9":1},"f":{"0":4},"b":{"0":[2],"1":[1]}}
,"/Users/dulan.manujaya/bloomlings-idle-game/src/engine/biomeMechanics.ts": {"path":"/Users/dulan.manujaya/bloomlings-idle-game/src/engine/biomeMechanics.ts","statementMap":{"0":{"start":{"line":32,"column":0},"end":{"line":32,"column":16}},"1":{"start":{"line":63,"column":0},"end":{"line":63,"column":16}},"2":{"start":{"line":82,"column":0},"end":{"line":82,"column":16}},"3":{"start":{"line":246,"column":0},"end":{"line":246,"column":16}},"4":{"start":{"line":298,"column":0},"end":{"line":298,"column":16}},"5":{"start":{"line":302,"column":0},"end":{"line":302,"column":16}},"6":{"start":{"line":310,"column":0},"end":{"line":310,"column":16}},"7":{"start":{"line":317,"column":0},"end":{"line":317,"column":16}},"8":{"start":{"line":1,"column":0},"end":{"line":1,"column":41}},"9":{"start":{"line":3,"column":0},"end":{"line":3,"column":null}},"10":{"start":{"line":4,"column":2},"end":{"line":4,"column":null}},"11":{"start":{"line":5,"column":2},"end":{"line":5,"column":null}},"12":{"start":{"line":6,"column":2},"end":{"line":6,"column":null}},"13":{"start":{"line":7,"column":2},"end":{"line":7,"column":null}},"14":{"start":{"line":8,"column":2},"end":{"line":8,"column":null}},"15":{"start":{"line":9,"column":2},"end":{"line":9,"column":null}},"16":{"start":{"line":10,"column":2},"end":{"line":10,"column":null}},"17":{"start":{"line":11,"column":2},"end":{"line":11,"column":null}},"18":{"start":{"line":33,"column":2},"end":{"line":49,"column":4}},"19":{"start":{"line":52,"column":66},"end":{"line":61,"column":2}},"20":{"start":{"line":64,"column":2},"end":{"line":66,"column":3}},"21":{"start":{"line":65,"column":4},"end":{"line":65,"column":51}},"22":{"start":{"line":65,"column":38},"end":{"line":65,"column":51}},"23":{"start":{"line":67,"column":2},"end":{"line":67,"column":33}},"24":{"start":{"line":70,"column":65},"end":{"line":80,"column":2}},"25":{"start":{"line":83,"column":2},"end":{"line":83,"column":35}},"26":{"start":{"line":94,"column":2},"end":{"line":94,"column":91}},"27":{"start":{"line":101,"column":12},"end":{"line":101,"column":32}},"28":{"start":{"line":102,"column":12},"end":{"line":102,"column":22}},"29":{"start":{"line":103,"column":2},"end":{"line":105,"column":3}},"30":{"start":{"line":104,"column":4},"end":{"line":104,"column":33}},"31":{"start":{"line":106,"column":2},"end":{"line":108,"column":3}},"32":{"start":{"line":107,"column":4},"end":{"line":107,"column":64}},"33":{"start":{"line":109,"column":2},"end":{"line":112,"column":3}},"34":{"start":{"line":110,"column":4},"end":{"line":110,"column":39}},"35":{"start":{"line":111,"column":4},"end":{"line":111,"column":33}},"36":{"start":{"line":113,"column":2},"end":{"line":113,"column":11}},"37":{"start":{"line":122,"column":12},"end":{"line":122,"column":32}},"38":{"start":{"line":123,"column":12},"end":{"line":123,"column":22}},"39":{"start":{"line":124,"column":2},"end":{"line":130,"column":3}},"40":{"start":{"line":125,"column":4},"end":{"line":129,"column":5}},"41":{"start":{"line":126,"column":6},"end":{"line":126,"column":38}},"42":{"start":{"line":128,"column":6},"end":{"line":128,"column":15}},"43":{"start":{"line":131,"column":21},"end":{"line":131,"column":46}},"44":{"start":{"line":132,"column":2},"end":{"line":132,"column":89}},"45":{"start":{"line":133,"column":2},"end":{"line":133,"column":11}},"46":{"start":{"line":140,"column":12},"end":{"line":140,"column":32}},"47":{"start":{"line":141,"column":12},"end":{"line":141,"column":22}},"48":{"start":{"line":142,"column":2},"end":{"line":151,"column":3}},"49":{"start":{"line":143,"column":4},"end":{"line":149,"column":5}},"50":{"start":{"line":144,"column":6},"end":{"line":144,"column":40}},"51":{"start":{"line":145,"column":6},"end":{"line":145,"column":42}},"52":{"start":{"line":146,"column":6},"end":{"line":146,"column":29}},"53":{"start":{"line":148,"column":6},"end":{"line":148,"column":29}},"54":{"start":{"line":150,"column":4},"end":{"line":150,"column":13}},"55":{"start":{"line":152,"column":2},"end":{"line":156,"column":3}},"56":{"start":{"line":153,"column":4},"end":{"line":153,"column":40}},"57":{"start":{"line":154,"column":4},"end":{"line":154,"column":27}},"58":{"start":{"line":155,"column":4},"end":{"line":155,"column":13}},"59":{"start":{"line":157,"column":2},"end":{"line":163,"column":3}},"60":{"start":{"line":158,"column":4},"end":{"line":158,"column":44}},"61":{"start":{"line":159,"column":4},"end":{"line":159,"column":33}},"62":{"start":{"line":160,"column":4},"end":{"line":160,"column":27}},"63":{"start":{"line":162,"column":4},"end":{"line":162,"column":27}},"64":{"start":{"line":164,"column":2},"end":{"line":164,"column":11}},"65":{"start":{"line":173,"column":12},"end":{"line":173,"column":32}},"66":{"start":{"line":174,"column":12},"end":{"line":174,"column":22}},"67":{"start":{"line":175,"column":2},"end":{"line":181,"column":3}},"68":{"start":{"line":176,"column":4},"end":{"line":180,"column":5}},"69":{"start":{"line":177,"column":6},"end":{"line":177,"column":37}},"70":{"start":{"line":179,"column":6},"end":{"line":179,"column":15}},"71":{"start":{"line":182,"column":2},"end":{"line":182,"column":74}},"72":{"start":{"line":183,"column":2},"end":{"line":187,"column":3}},"73":{"start":{"line":184,"column":4},"end":{"line":184,"column":47}},"74":{"start":{"line":185,"column":4},"end":{"line":185,"column":26}},"75":{"start":{"line":186,"column":4},"end":{"line":186,"column":42}},"76":{"start":{"line":188,"column":2},"end":{"line":188,"column":11}},"77":{"start":{"line":195,"column":12},"end":{"line":195,"column":32}},"78":{"start":{"line":196,"column":12},"end":{"line":196,"column":22}},"79":{"start":{"line":197,"column":2},"end":{"line":200,"column":3}},"80":{"start":{"line":198,"column":4},"end":{"line":198,"column":29}},"81":{"start":{"line":199,"column":4},"end":{"line":199,"column":35}},"82":{"start":{"line":201,"column":2},"end":{"line":216,"column":3}},"83":{"start":{"line":202,"column":4},"end":{"line":207,"column":5}},"84":{"start":{"line":203,"column":6},"end":{"line":203,"column":32}},"85":{"start":{"line":204,"column":6},"end":{"line":204,"column":44}},"86":{"start":{"line":205,"column":6},"end":{"line":205,"column":40}},"87":{"start":{"line":206,"column":6},"end":{"line":206,"column":42}},"88":{"start":{"line":209,"column":4},"end":{"line":211,"column":5}},"89":{"start":{"line":210,"column":6},"end":{"line":210,"column":42}},"90":{"start":{"line":212,"column":4},"end":{"line":215,"column":5}},"91":{"start":{"line":213,"column":6},"end":{"line":213,"column":47}},"92":{"start":{"line":214,"column":6},"end":{"line":214,"column":35}},"93":{"start":{"line":217,"column":2},"end":{"line":217,"column":53}},"94":{"start":{"line":218,"column":2},"end":{"line":218,"column":11}},"95":{"start":{"line":227,"column":12},"end":{"line":227,"column":32}},"96":{"start":{"line":228,"column":12},"end":{"line":228,"column":22}},"97":{"start":{"line":229,"column":23},"end":{"line":229,"column":37}},"98":{"start":{"line":230,"column":2},"end":{"line":230,"column":63}},"99":{"start":{"line":231,"column":2},"end":{"line":234,"column":3}},"100":{"start":{"line":232,"column":23},"end":{"line":232,"column":44}},"101":{"start":{"line":233,"column":4},"end":{"line":233,"column":77}},"102":{"start":{"line":235,"column":2},"end":{"line":239,"column":3}},"103":{"start":{"line":236,"column":4},"end":{"line":236,"column":41}},"104":{"start":{"line":237,"column":4},"end":{"line":237,"column":25}},"105":{"start":{"line":238,"column":4},"end":{"line":238,"column":30}},"106":{"start":{"line":240,"column":2},"end":{"line":242,"column":3}},"107":{"start":{"line":241,"column":4},"end":{"line":241,"column":27}},"108":{"start":{"line":243,"column":2},"end":{"line":243,"column":11}},"109":{"start":{"line":254,"column":19},"end":{"line":254,"column":42}},"110":{"start":{"line":255,"column":2},"end":{"line":272,"column":3}},"111":{"start":{"line":257,"column":6},"end":{"line":257,"column":39}},"112":{"start":{"line":259,"column":6},"end":{"line":259,"column":73}},"113":{"start":{"line":261,"column":6},"end":{"line":261,"column":61}},"114":{"start":{"line":263,"column":6},"end":{"line":263,"column":43}},"115":{"start":{"line":265,"column":6},"end":{"line":265,"column":66}},"116":{"start":{"line":267,"column":6},"end":{"line":267,"column":38}},"117":{"start":{"line":269,"column":6},"end":{"line":269,"column":63}},"118":{"start":{"line":271,"column":6},"end":{"line":271,"column":34}},"119":{"start":{"line":287,"column":49},"end":{"line":296,"column":2}},"120":{"start":{"line":307,"column":9},"end":{"line":307,"column":19}},"121":{"start":{"line":299,"column":2},"end":{"line":299,"column":104}},"122":{"start":{"line":299,"column":32},"end":{"line":299,"column":84}},"123":{"start":{"line":303,"column":14},"end":{"line":303,"column":95}},"124":{"start":{"line":303,"column":42},"end":{"line":303,"column":94}},"125":{"start":{"line":304,"column":2},"end":{"line":304,"column":32}},"126":{"start":{"line":311,"column":15},"end":{"line":311,"column":53}},"127":{"start":{"line":311,"column":38},"end":{"line":311,"column":52}},"128":{"start":{"line":312,"column":2},"end":{"line":312,"column":26}},"129":{"start":{"line":312,"column":13},"end":{"line":312,"column":26}},"130":{"start":{"line":313,"column":2},"end":{"line":313,"column":39}},"131":{"start":{"line":318,"column":2},"end":{"line":318,"column":67}},"132":{"start":{"line":318,"column":32},"end":{"line":318,"column":46}}},"fnMap":{"0":{"name":"(anonymous_0)","decl":{"start":{"line":3,"column":0},"end":{"line":3,"column":12}},"loc":{"start":{"line":3,"column":29},"end":{"line":12,"column":1}}},"1":{"name":"initialBiomeMechanicState","decl":{"start":{"line":32,"column":16},"end":{"line":32,"column":41}},"loc":{"start":{"line":32,"column":41},"end":{"line":50,"column":1}}},"2":{"name":"getCurrentBiome","decl":{"start":{"line":63,"column":16},"end":{"line":63,"column":31}},"loc":{"start":{"line":63,"column":44},"end":{"line":68,"column":1}}},"3":{"name":"getBiomeMechanic","decl":{"start":{"line":82,"column":16},"end":{"line":82,"column":32}},"loc":{"start":{"line":82,"column":49},"end":{"line":84,"column":1}}},"4":{"name":"defaultResult","decl":{"start":{"line":93,"column":9},"end":{"line":93,"column":22}},"loc":{"start":{"line":93,"column":48},"end":{"line":95,"column":1}}},"5":{"name":"tickSunbursts","decl":{"start":{"line":97,"column":9},"end":{"line":97,"column":22}},"loc":{"start":{"line":99,"column":13},"end":{"line":114,"column":1}}},"6":{"name":"tickLuminescence","decl":{"start":{"line":116,"column":9},"end":{"line":116,"column":25}},"loc":{"start":{"line":120,"column":30},"end":{"line":134,"column":1}}},"7":{"name":"tickEruptionSurge","decl":{"start":{"line":136,"column":9},"end":{"line":136,"column":26}},"loc":{"start":{"line":138,"column":13},"end":{"line":165,"column":1}}},"8":{"name":"tickPressureTide","decl":{"start":{"line":167,"column":9},"end":{"line":167,"column":25}},"loc":{"start":{"line":171,"column":23},"end":{"line":189,"column":1}}},"9":{"name":"tickWindfall","decl":{"start":{"line":191,"column":9},"end":{"line":191,"column":21}},"loc":{"start":{"line":193,"column":13},"end":{"line":219,"column":1}}},"10":{"name":"tickThawCycle","decl":{"start":{"line":221,"column":9},"end":{"line":221,"column":22}},"loc":{"start":{"line":225,"column":23},"end":{"line":244,"column":1}}},"11":{"name":"biomeMechanicTick","decl":{"start":{"line":246,"column":16},"end":{"line":246,"column":33}},"loc":{"start":{"line":252,"column":23},"end":{"line":273,"column":1}}},"12":{"name":"getCurrentBiomeInfo","decl":{"start":{"line":298,"column":16},"end":{"line":298,"column":35}},"loc":{"start":{"line":298,"column":54},"end":{"line":300,"column":1}}},"13":{"name":"(anonymous_13)","decl":{"start":{"line":299,"column":25},"end":{"line":299,"column":26}},"loc":{"start":{"line":299,"column":32},"end":{"line":299,"column":84}}},"14":{"name":"getBiomeIndex","decl":{"start":{"line":302,"column":16},"end":{"line":302,"column":29}},"loc":{"start":{"line":302,"column":48},"end":{"line":305,"column":1}}},"15":{"name":"(anonymous_15)","decl":{"start":{"line":303,"column":35},"end":{"line":303,"column":36}},"loc":{"start":{"line":303,"column":42},"end":{"line":303,"column":94}}},"16":{"name":"hasReachedBiome","decl":{"start":{"line":310,"column":16},"end":{"line":310,"column":31}},"loc":{"start":{"line":310,"column":69},"end":{"line":314,"column":1}}},"17":{"name":"(anonymous_17)","decl":{"start":{"line":311,"column":31},"end":{"line":311,"column":32}},"loc":{"start":{"line":311,"column":38},"end":{"line":311,"column":52}}},"18":{"name":"getBiomeNameByType","decl":{"start":{"line":317,"column":16},"end":{"line":317,"column":34}},"loc":{"start":{"line":317,"column":51},"end":{"line":319,"column":1}}},"19":{"name":"(anonymous_19)","decl":{"start":{"line":318,"column":25},"end":{"line":318,"column":26}},"loc":{"start":{"line":318,"column":32},"end":{"line":318,"column":46}}}},"branchMap":{"0":{"loc":{"start":{"line":3,"column":12},"end":{"line":3,"column":null}},"type":"binary-expr","locations":[{"start":{"line":3,"column":12},"end":{"line":3,"column":29}},{"start":{"line":3,"column":29},"end":{"line":3,"column":null}}]},"1":{"loc":{"start":{"line":65,"column":4},"end":{"line":65,"column":51}},"type":"if","locations":[{"start":{"line":65,"column":4},"end":{"line":65,"column":51}}]},"2":{"loc":{"start":{"line":65,"column":8},"end":{"line":65,"column":36}},"type":"binary-expr","locations":[{"start":{"line":65,"column":8},"end":{"line":65,"column":21}},{"start":{"line":65,"column":25},"end":{"line":65,"column":36}}]},"3":{"loc":{"start":{"line":103,"column":2},"end":{"line":105,"column":3}},"type":"if","locations":[{"start":{"line":103,"column":2},"end":{"line":105,"column":3}}]},"4":{"loc":{"start":{"line":103,"column":6},"end":{"line":103,"column":68}},"type":"binary-expr","locations":[{"start":{"line":103,"column":6},"end":{"line":103,"column":36}},{"start":{"line":103,"column":40},"end":{"line":103,"column":68}}]},"5":{"loc":{"start":{"line":106,"column":2},"end":{"line":108,"column":3}},"type":"if","locations":[{"start":{"line":106,"column":2},"end":{"line":108,"column":3}}]},"6":{"loc":{"start":{"line":106,"column":6},"end":{"line":106,"column":70}},"type":"binary-expr","locations":[{"start":{"line":106,"column":6},"end":{"line":106,"column":36}},{"start":{"line":106,"column":40},"end":{"line":106,"column":70}}]},"7":{"loc":{"start":{"line":109,"column":2},"end":{"line":112,"column":3}},"type":"if","locations":[{"start":{"line":109,"column":2},"end":{"line":112,"column":3}}]},"8":{"loc":{"start":{"line":109,"column":6},"end":{"line":109,"column":68}},"type":"binary-expr","locations":[{"start":{"line":109,"column":6},"end":{"line":109,"column":36}},{"start":{"line":109,"column":40},"end":{"line":109,"column":68}}]},"9":{"loc":{"start":{"line":124,"column":2},"end":{"line":130,"column":3}},"type":"if","locations":[{"start":{"line":124,"column":2},"end":{"line":130,"column":3}}]},"10":{"loc":{"start":{"line":125,"column":4},"end":{"line":129,"column":5}},"type":"if","locations":[{"start":{"line":125,"column":4},"end":{"line":129,"column":5}},{"start":{"line":127,"column":11},"end":{"line":129,"column":5}}]},"11":{"loc":{"start":{"line":142,"column":2},"end":{"line":151,"column":3}},"type":"if","locations":[{"start":{"line":142,"column":2},"end":{"line":151,"column":3}}]},"12":{"loc":{"start":{"line":143,"column":4},"end":{"line":149,"column":5}},"type":"if","locations":[{"start":{"line":143,"column":4},"end":{"line":149,"column":5}},{"start":{"line":147,"column":11},"end":{"line":149,"column":5}}]},"13":{"loc":{"start":{"line":152,"column":2},"end":{"line":156,"column":3}},"type":"if","locations":[{"start":{"line":152,"column":2},"end":{"line":156,"column":3}}]},"14":{"loc":{"start":{"line":157,"column":2},"end":{"line":163,"column":3}},"type":"if","locations":[{"start":{"line":157,"column":2},"end":{"line":163,"column":3}},{"start":{"line":161,"column":9},"end":{"line":163,"column":3}}]},"15":{"loc":{"start":{"line":175,"column":2},"end":{"line":181,"column":3}},"type":"if","locations":[{"start":{"line":175,"column":2},"end":{"line":181,"column":3}}]},"16":{"loc":{"start":{"line":176,"column":4},"end":{"line":180,"column":5}},"type":"if","locations":[{"start":{"line":176,"column":4},"end":{"line":180,"column":5}},{"start":{"line":178,"column":11},"end":{"line":180,"column":5}}]},"17":{"loc":{"start":{"line":183,"column":2},"end":{"line":187,"column":3}},"type":"if","locations":[{"start":{"line":183,"column":2},"end":{"line":187,"column":3}}]},"18":{"loc":{"start":{"line":197,"column":2},"end":{"line":200,"column":3}},"type":"if","locations":[{"start":{"line":197,"column":2},"end":{"line":200,"column":3}}]},"19":{"loc":{"start":{"line":197,"column":6},"end":{"line":197,"column":72}},"type":"binary-expr","locations":[{"start":{"line":197,"column":6},"end":{"line":197,"column":38}},{"start":{"line":197,"column":42},"end":{"line":197,"column":72}}]},"20":{"loc":{"start":{"line":201,"column":2},"end":{"line":216,"column":3}},"type":"if","locations":[{"start":{"line":201,"column":2},"end":{"line":216,"column":3}},{"start":{"line":208,"column":9},"end":{"line":216,"column":3}}]},"21":{"loc":{"start":{"line":202,"column":4},"end":{"line":207,"column":5}},"type":"if","locations":[{"start":{"line":202,"column":4},"end":{"line":207,"column":5}}]},"22":{"loc":{"start":{"line":209,"column":4},"end":{"line":211,"column":5}},"type":"if","locations":[{"start":{"line":209,"column":4},"end":{"line":211,"column":5}}]},"23":{"loc":{"start":{"line":212,"column":4},"end":{"line":215,"column":5}},"type":"if","locations":[{"start":{"line":212,"column":4},"end":{"line":215,"column":5}}]},"24":{"loc":{"start":{"line":231,"column":2},"end":{"line":234,"column":3}},"type":"if","locations":[{"start":{"line":231,"column":2},"end":{"line":234,"column":3}}]},"25":{"loc":{"start":{"line":235,"column":2},"end":{"line":239,"column":3}},"type":"if","locations":[{"start":{"line":235,"column":2},"end":{"line":239,"column":3}}]},"26":{"loc":{"start":{"line":240,"column":2},"end":{"line":242,"column":3}},"type":"if","locations":[{"start":{"line":240,"column":2},"end":{"line":242,"column":3}}]},"27":{"loc":{"start":{"line":255,"column":2},"end":{"line":272,"column":3}},"type":"switch","locations":[{"start":{"line":256,"column":4},"end":{"line":257,"column":39}},{"start":{"line":258,"column":4},"end":{"line":259,"column":73}},{"start":{"line":260,"column":4},"end":{"line":261,"column":61}},{"start":{"line":262,"column":4},"end":{"line":263,"column":43}},{"start":{"line":264,"column":4},"end":{"line":265,"column":66}},{"start":{"line":266,"column":4},"end":{"line":267,"column":38}},{"start":{"line":268,"column":4},"end":{"line":269,"column":63}},{"start":{"line":270,"column":4},"end":{"line":271,"column":34}}]},"28":{"loc":{"start":{"line":299,"column":9},"end":{"line":299,"column":103}},"type":"binary-expr","locations":[{"start":{"line":299,"column":9},"end":{"line":299,"column":85}},{"start":{"line":299,"column":89},"end":{"line":299,"column":103}}]},"29":{"loc":{"start":{"line":299,"column":32},"end":{"line":299,"column":84}},"type":"binary-expr","locations":[{"start":{"line":299,"column":32},"end":{"line":299,"column":57}},{"start":{"line":299,"column":61},"end":{"line":299,"column":84}}]},"30":{"loc":{"start":{"line":303,"column":42},"end":{"line":303,"column":94}},"type":"binary-expr","locations":[{"start":{"line":303,"column":42},"end":{"line":303,"column":67}},{"start":{"line":303,"column":71},"end":{"line":303,"column":94}}]},"31":{"loc":{"start":{"line":304,"column":9},"end":{"line":304,"column":31}},"type":"cond-expr","locations":[{"start":{"line":304,"column":20},"end":{"line":304,"column":27}},{"start":{"line":304,"column":30},"end":{"line":304,"column":31}}]},"32":{"loc":{"start":{"line":312,"column":2},"end":{"line":312,"column":26}},"type":"if","locations":[{"start":{"line":312,"column":2},"end":{"line":312,"column":26}}]},"33":{"loc":{"start":{"line":318,"column":9},"end":{"line":318,"column":66}},"type":"binary-expr","locations":[{"start":{"line":318,"column":9},"end":{"line":318,"column":53}},{"start":{"line":318,"column":57},"end":{"line":318,"column":66}}]}},"s":{"0":1,"1":1,"2":1,"3":1,"4":1,"5":1,"6":1,"7":1,"8":1,"9":1,"10":1,"11":1,"12":1,"13":1,"14":1,"15":1,"16":1,"17":1,"18":16,"19":1,"20":18,"21":88,"22":16,"23":2,"24":1,"25":24,"26":15,"27":0,"28":0,"29":0,"30":0,"31":0,"32":0,"33":0,"34":0,"35":0,"36":0,"37":0,"38":0,"39":0,"40":0,"41":0,"42":0,"43":0,"44":0,"45":0,"46":4,"47":4,"48":4,"49":2,"50":1,"51":1,"52":1,"53":1,"54":2,"55":2,"56":1,"57":1,"58":1,"59":1,"60":1,"61":1,"62":1,"63":0,"64":1,"65":3,"66":3,"67":3,"68":1,"69":0,"70":1,"71":2,"72":2,"73":1,"74":1,"75":1,"76":2,"77":0,"78":0,"79":0,"80":0,"81":0,"82":0,"83":0,"84":0,"85":0,"86":0,"87":0,"88":0,"89":0,"90":0,"91":0,"92":0,"93":0,"94":0,"95":6,"96":6,"97":6,"98":6,"99":6,"100":3,"101":3,"102":6,"103":1,"104":1,"105":1,"106":6,"107":1,"108":6,"109":15,"110":15,"111":0,"112":0,"113":1,"114":4,"115":3,"116":0,"117":6,"118":1,"119":1,"120":1,"121":0,"122":0,"123":0,"124":0,"125":0,"126":0,"127":0,"128":0,"129":0,"130":0,"131":0,"132":0},"f":{"0":1,"1":16,"2":18,"3":24,"4":15,"5":0,"6":0,"7":4,"8":3,"9":0,"10":6,"11":15,"12":0,"13":0,"14":0,"15":0,"16":0,"17":0,"18":0,"19":0},"b":{"0":[1,1],"1":[16],"2":[88,88],"3":[0],"4":[0,0],"5":[0],"6":[0,0],"7":[0],"8":[0,0],"9":[0],"10":[0,0],"11":[2],"12":[1,1],"13":[1],"14":[1,0],"15":[1],"16":[0,1],"17":[1],"18":[0],"19":[0,0],"20":[0,0],"21":[0],"22":[0],"23":[0],"24":[3],"25":[1],"26":[1],"27":[0,0,1,4,3,0,6,1],"28":[0,0],"29":[0,0],"30":[0,0],"31":[0,0],"32":[0],"33":[0,0]}}
,"/Users/dulan.manujaya/bloomlings-idle-game/src/engine/bossFight.ts": {"path":"/Users/dulan.manujaya/bloomlings-idle-game/src/engine/bossFight.ts","statementMap":{"0":{"start":{"line":12,"column":0},"end":{"line":12,"column":16}},"1":{"start":{"line":16,"column":0},"end":{"line":16,"column":16}},"2":{"start":{"line":20,"column":0},"end":{"line":20,"column":16}},"3":{"start":{"line":24,"column":0},"end":{"line":24,"column":16}},"4":{"start":{"line":28,"column":0},"end":{"line":28,"column":16}},"5":{"start":{"line":33,"column":0},"end":{"line":33,"column":16}},"6":{"start":{"line":47,"column":0},"end":{"line":47,"column":16}},"7":{"start":{"line":51,"column":0},"end":{"line":51,"column":16}},"8":{"start":{"line":55,"column":0},"end":{"line":55,"column":16}},"9":{"start":{"line":3,"column":13},"end":{"line":3,"column":32}},"10":{"start":{"line":4,"column":13},"end":{"line":4,"column":37}},"11":{"start":{"line":5,"column":13},"end":{"line":5,"column":37}},"12":{"start":{"line":6,"column":13},"end":{"line":6,"column":37}},"13":{"start":{"line":7,"column":13},"end":{"line":7,"column":45}},"14":{"start":{"line":8,"column":13},"end":{"line":8,"column":40}},"15":{"start":{"line":9,"column":13},"end":{"line":9,"column":44}},"16":{"start":{"line":10,"column":13},"end":{"line":10,"column":41}},"17":{"start":{"line":13,"column":2},"end":{"line":13,"column":48}},"18":{"start":{"line":17,"column":2},"end":{"line":17,"column":46}},"19":{"start":{"line":21,"column":2},"end":{"line":21,"column":81}},"20":{"start":{"line":25,"column":2},"end":{"line":25,"column":45}},"21":{"start":{"line":29,"column":13},"end":{"line":29,"column":39}},"22":{"start":{"line":30,"column":2},"end":{"line":30,"column":103}},"23":{"start":{"line":40,"column":16},"end":{"line":40,"column":72}},"24":{"start":{"line":41,"column":19},"end":{"line":41,"column":45}},"25":{"start":{"line":42,"column":2},"end":{"line":42,"column":116}},"26":{"start":{"line":42,"column":18},"end":{"line":42,"column":116}},"27":{"start":{"line":43,"column":2},"end":{"line":43,"column":103}},"28":{"start":{"line":43,"column":21},"end":{"line":43,"column":103}},"29":{"start":{"line":44,"column":2},"end":{"line":44,"column":92}},"30":{"start":{"line":48,"column":2},"end":{"line":48,"column":130}},"31":{"start":{"line":52,"column":2},"end":{"line":52,"column":117}},"32":{"start":{"line":56,"column":2},"end":{"line":56,"column":42}},"33":{"start":{"line":56,"column":24},"end":{"line":56,"column":42}},"34":{"start":{"line":57,"column":16},"end":{"line":57,"column":35}},"35":{"start":{"line":58,"column":2},"end":{"line":58,"column":34}},"36":{"start":{"line":58,"column":20},"end":{"line":58,"column":34}},"37":{"start":{"line":59,"column":2},"end":{"line":59,"column":37}},"38":{"start":{"line":59,"column":20},"end":{"line":59,"column":37}},"39":{"start":{"line":60,"column":2},"end":{"line":60,"column":37}},"40":{"start":{"line":60,"column":20},"end":{"line":60,"column":37}},"41":{"start":{"line":61,"column":2},"end":{"line":61,"column":20}}},"fnMap":{"0":{"name":"isBossZone","decl":{"start":{"line":12,"column":16},"end":{"line":12,"column":26}},"loc":{"start":{"line":12,"column":39},"end":{"line":14,"column":1}}},"1":{"name":"getBossHp","decl":{"start":{"line":16,"column":16},"end":{"line":16,"column":25}},"loc":{"start":{"line":16,"column":49},"end":{"line":18,"column":1}}},"2":{"name":"getBossFailBonus","decl":{"start":{"line":20,"column":16},"end":{"line":20,"column":32}},"loc":{"start":{"line":20,"column":50},"end":{"line":22,"column":1}}},"3":{"name":"getBossAdDamage","decl":{"start":{"line":24,"column":16},"end":{"line":24,"column":31}},"loc":{"start":{"line":24,"column":49},"end":{"line":26,"column":1}}},"4":{"name":"startBoss","decl":{"start":{"line":28,"column":16},"end":{"line":28,"column":25}},"loc":{"start":{"line":28,"column":49},"end":{"line":31,"column":1}}},"5":{"name":"tickBoss","decl":{"start":{"line":33,"column":16},"end":{"line":33,"column":24}},"loc":{"start":{"line":38,"column":19},"end":{"line":45,"column":1}}},"6":{"name":"failBoss","decl":{"start":{"line":47,"column":16},"end":{"line":47,"column":24}},"loc":{"start":{"line":47,"column":68},"end":{"line":49,"column":1}}},"7":{"name":"defeatBoss","decl":{"start":{"line":51,"column":16},"end":{"line":51,"column":26}},"loc":{"start":{"line":51,"column":26},"end":{"line":53,"column":1}}},"8":{"name":"getBossHpPhase","decl":{"start":{"line":55,"column":16},"end":{"line":55,"column":30}},"loc":{"start":{"line":55,"column":65},"end":{"line":62,"column":1}}}},"branchMap":{"0":{"loc":{"start":{"line":13,"column":9},"end":{"line":13,"column":47}},"type":"binary-expr","locations":[{"start":{"line":13,"column":9},"end":{"line":13,"column":17}},{"start":{"line":13,"column":21},"end":{"line":13,"column":47}}]},"1":{"loc":{"start":{"line":42,"column":2},"end":{"line":42,"column":116}},"type":"if","locations":[{"start":{"line":42,"column":2},"end":{"line":42,"column":116}}]},"2":{"loc":{"start":{"line":43,"column":2},"end":{"line":43,"column":103}},"type":"if","locations":[{"start":{"line":43,"column":2},"end":{"line":43,"column":103}}]},"3":{"loc":{"start":{"line":56,"column":2},"end":{"line":56,"column":42}},"type":"if","locations":[{"start":{"line":56,"column":2},"end":{"line":56,"column":42}}]},"4":{"loc":{"start":{"line":58,"column":2},"end":{"line":58,"column":34}},"type":"if","locations":[{"start":{"line":58,"column":2},"end":{"line":58,"column":34}}]},"5":{"loc":{"start":{"line":59,"column":2},"end":{"line":59,"column":37}},"type":"if","locations":[{"start":{"line":59,"column":2},"end":{"line":59,"column":37}}]},"6":{"loc":{"start":{"line":60,"column":2},"end":{"line":60,"column":37}},"type":"if","locations":[{"start":{"line":60,"column":2},"end":{"line":60,"column":37}}]}},"s":{"0":2,"1":2,"2":2,"3":2,"4":2,"5":2,"6":2,"7":2,"8":2,"9":2,"10":2,"11":2,"12":2,"13":2,"14":2,"15":2,"16":2,"17":11,"18":3,"19":4,"20":1,"21":1,"22":1,"23":5,"24":5,"25":5,"26":2,"27":3,"28":1,"29":2,"30":1,"31":1,"32":9,"33":1,"34":8,"35":8,"36":2,"37":6,"38":2,"39":4,"40":2,"41":2},"f":{"0":11,"1":3,"2":4,"3":1,"4":1,"5":5,"6":1,"7":1,"8":9},"b":{"0":[11,9],"1":[2],"2":[1],"3":[1],"4":[2],"5":[2],"6":[2]}}
,"/Users/dulan.manujaya/bloomlings-idle-game/src/engine/dailyRewards.ts": {"path":"/Users/dulan.manujaya/bloomlings-idle-game/src/engine/dailyRewards.ts","statementMap":{"0":{"start":{"line":33,"column":0},"end":{"line":33,"column":16}},"1":{"start":{"line":53,"column":0},"end":{"line":53,"column":16}},"2":{"start":{"line":14,"column":45},"end":{"line":22,"column":2}},"3":{"start":{"line":37,"column":14},"end":{"line":37,"column":57}},"4":{"start":{"line":38,"column":15},"end":{"line":38,"column":33}},"5":{"start":{"line":40,"column":2},"end":{"line":40,"column":53}},"6":{"start":{"line":40,"column":34},"end":{"line":40,"column":53}},"7":{"start":{"line":42,"column":24},"end":{"line":42,"column":54}},"8":{"start":{"line":43,"column":23},"end":{"line":43,"column":47}},"9":{"start":{"line":45,"column":2},"end":{"line":49,"column":4}},"10":{"start":{"line":54,"column":26},"end":{"line":54,"column":28}},"11":{"start":{"line":55,"column":2},"end":{"line":55,"column":86}},"12":{"start":{"line":55,"column":27},"end":{"line":55,"column":86}},"13":{"start":{"line":56,"column":2},"end":{"line":56,"column":101}},"14":{"start":{"line":56,"column":27},"end":{"line":56,"column":101}},"15":{"start":{"line":57,"column":2},"end":{"line":57,"column":70}},"16":{"start":{"line":57,"column":33},"end":{"line":57,"column":70}},"17":{"start":{"line":58,"column":2},"end":{"line":58,"column":42}}},"fnMap":{"0":{"name":"getDailyReward","decl":{"start":{"line":33,"column":16},"end":{"line":33,"column":30}},"loc":{"start":{"line":35,"column":30},"end":{"line":50,"column":1}}},"1":{"name":"describeDailyReward","decl":{"start":{"line":53,"column":16},"end":{"line":53,"column":35}},"loc":{"start":{"line":53,"column":55},"end":{"line":59,"column":1}}}},"branchMap":{"0":{"loc":{"start":{"line":40,"column":2},"end":{"line":40,"column":53}},"type":"if","locations":[{"start":{"line":40,"column":2},"end":{"line":40,"column":53}}]},"1":{"loc":{"start":{"line":55,"column":2},"end":{"line":55,"column":86}},"type":"if","locations":[{"start":{"line":55,"column":2},"end":{"line":55,"column":86}}]},"2":{"loc":{"start":{"line":56,"column":2},"end":{"line":56,"column":101}},"type":"if","locations":[{"start":{"line":56,"column":2},"end":{"line":56,"column":101}}]},"3":{"loc":{"start":{"line":56,"column":67},"end":{"line":56,"column":97}},"type":"cond-expr","locations":[{"start":{"line":56,"column":89},"end":{"line":56,"column":92}},{"start":{"line":56,"column":95},"end":{"line":56,"column":97}}]},"4":{"loc":{"start":{"line":57,"column":2},"end":{"line":57,"column":70}},"type":"if","locations":[{"start":{"line":57,"column":2},"end":{"line":57,"column":70}}]},"5":{"loc":{"start":{"line":58,"column":9},"end":{"line":58,"column":41}},"type":"binary-expr","locations":[{"start":{"line":58,"column":9},"end":{"line":58,"column":26}},{"start":{"line":58,"column":30},"end":{"line":58,"column":41}}]}},"s":{"0":1,"1":1,"2":1,"3":16,"4":16,"5":16,"6":10,"7":6,"8":6,"9":6,"10":7,"11":7,"12":3,"13":7,"14":3,"15":7,"16":1,"17":7},"f":{"0":16,"1":7},"b":{"0":[10],"1":[3],"2":[3],"3":[2,1],"4":[1],"5":[7,1]}}
,"/Users/dulan.manujaya/bloomlings-idle-game/src/engine/discovery.ts": {"path":"/Users/dulan.manujaya/bloomlings-idle-game/src/engine/discovery.ts","statementMap":{"0":{"start":{"line":36,"column":0},"end":{"line":36,"column":16}},"1":{"start":{"line":69,"column":0},"end":{"line":69,"column":16}},"2":{"start":{"line":96,"column":0},"end":{"line":96,"column":16}},"3":{"start":{"line":14,"column":0},"end":{"line":14,"column":60}},"4":{"start":{"line":16,"column":0},"end":{"line":16,"column":64}},"5":{"start":{"line":39,"column":20},"end":{"line":39,"column":50}},"6":{"start":{"line":40,"column":2},"end":{"line":46,"column":3}},"7":{"start":{"line":41,"column":17},"end":{"line":41,"column":50}},"8":{"start":{"line":42,"column":4},"end":{"line":44,"column":5}},"9":{"start":{"line":43,"column":6},"end":{"line":43,"column":36}},"10":{"start":{"line":45,"column":4},"end":{"line":45,"column":16}},"11":{"start":{"line":48,"column":20},"end":{"line":48,"column":55}},"12":{"start":{"line":49,"column":2},"end":{"line":55,"column":3}},"13":{"start":{"line":50,"column":23},"end":{"line":50,"column":56}},"14":{"start":{"line":51,"column":4},"end":{"line":53,"column":5}},"15":{"start":{"line":52,"column":6},"end":{"line":52,"column":42}},"16":{"start":{"line":54,"column":4},"end":{"line":54,"column":16}},"17":{"start":{"line":57,"column":2},"end":{"line":57,"column":14}},"18":{"start":{"line":70,"column":2},"end":{"line":79,"column":4}},"19":{"start":{"line":100,"column":27},"end":{"line":100,"column":44}},"20":{"start":{"line":101,"column":2},"end":{"line":103,"column":3}},"21":{"start":{"line":102,"column":4},"end":{"line":102,"column":39}},"22":{"start":{"line":105,"column":38},"end":{"line":105,"column":40}},"23":{"start":{"line":106,"column":2},"end":{"line":115,"column":3}},"24":{"start":{"line":107,"column":4},"end":{"line":107,"column":71}},"25":{"start":{"line":107,"column":62},"end":{"line":107,"column":71}},"26":{"start":{"line":108,"column":4},"end":{"line":108,"column":52}},"27":{"start":{"line":108,"column":43},"end":{"line":108,"column":52}},"28":{"start":{"line":110,"column":19},"end":{"line":110,"column":65}},"29":{"start":{"line":111,"column":4},"end":{"line":111,"column":52}},"30":{"start":{"line":111,"column":43},"end":{"line":111,"column":52}},"31":{"start":{"line":112,"column":4},"end":{"line":112,"column":44}},"32":{"start":{"line":112,"column":35},"end":{"line":112,"column":44}},"33":{"start":{"line":114,"column":4},"end":{"line":114,"column":26}},"34":{"start":{"line":116,"column":2},"end":{"line":116,"column":16}}},"fnMap":{"0":{"name":"parseUnlockCondition","decl":{"start":{"line":36,"column":16},"end":{"line":36,"column":36}},"loc":{"start":{"line":37,"column":19},"end":{"line":58,"column":1}}},"1":{"name":"createBloomlingInstance","decl":{"start":{"line":69,"column":16},"end":{"line":69,"column":39}},"loc":{"start":{"line":69,"column":67},"end":{"line":80,"column":1}}},"2":{"name":"getZoneUnlockTemplates","decl":{"start":{"line":96,"column":16},"end":{"line":96,"column":38}},"loc":{"start":{"line":98,"column":37},"end":{"line":117,"column":1}}}},"branchMap":{"0":{"loc":{"start":{"line":40,"column":2},"end":{"line":46,"column":3}},"type":"if","locations":[{"start":{"line":40,"column":2},"end":{"line":46,"column":3}}]},"1":{"loc":{"start":{"line":40,"column":6},"end":{"line":40,"column":31}},"type":"binary-expr","locations":[{"start":{"line":40,"column":6},"end":{"line":40,"column":15}},{"start":{"line":40,"column":19},"end":{"line":40,"column":31}}]},"2":{"loc":{"start":{"line":42,"column":4},"end":{"line":44,"column":5}},"type":"if","locations":[{"start":{"line":42,"column":4},"end":{"line":44,"column":5}}]},"3":{"loc":{"start":{"line":42,"column":8},"end":{"line":42,"column":41}},"type":"binary-expr","locations":[{"start":{"line":42,"column":8},"end":{"line":42,"column":29}},{"start":{"line":42,"column":33},"end":{"line":42,"column":41}}]},"4":{"loc":{"start":{"line":49,"column":2},"end":{"line":55,"column":3}},"type":"if","locations":[{"start":{"line":49,"column":2},"end":{"line":55,"column":3}}]},"5":{"loc":{"start":{"line":49,"column":6},"end":{"line":49,"column":31}},"type":"binary-expr","locations":[{"start":{"line":49,"column":6},"end":{"line":49,"column":15}},{"start":{"line":49,"column":19},"end":{"line":49,"column":31}}]},"6":{"loc":{"start":{"line":51,"column":4},"end":{"line":53,"column":5}},"type":"if","locations":[{"start":{"line":51,"column":4},"end":{"line":53,"column":5}}]},"7":{"loc":{"start":{"line":51,"column":8},"end":{"line":51,"column":53}},"type":"binary-expr","locations":[{"start":{"line":51,"column":8},"end":{"line":51,"column":35}},{"start":{"line":51,"column":39},"end":{"line":51,"column":53}}]},"8":{"loc":{"start":{"line":107,"column":4},"end":{"line":107,"column":71}},"type":"if","locations":[{"start":{"line":107,"column":4},"end":{"line":107,"column":71}}]},"9":{"loc":{"start":{"line":108,"column":4},"end":{"line":108,"column":52}},"type":"if","locations":[{"start":{"line":108,"column":4},"end":{"line":108,"column":52}}]},"10":{"loc":{"start":{"line":111,"column":4},"end":{"line":111,"column":52}},"type":"if","locations":[{"start":{"line":111,"column":4},"end":{"line":111,"column":52}}]},"11":{"loc":{"start":{"line":111,"column":8},"end":{"line":111,"column":41}},"type":"binary-expr","locations":[{"start":{"line":111,"column":8},"end":{"line":111,"column":15}},{"start":{"line":111,"column":19},"end":{"line":111,"column":41}}]},"12":{"loc":{"start":{"line":112,"column":4},"end":{"line":112,"column":44}},"type":"if","locations":[{"start":{"line":112,"column":4},"end":{"line":112,"column":44}}]}},"s":{"0":1,"1":1,"2":1,"3":1,"4":1,"5":147,"6":147,"7":140,"8":140,"9":139,"10":1,"11":7,"12":7,"13":3,"14":3,"15":2,"16":1,"17":4,"18":6,"19":6,"20":6,"21":2,"22":6,"23":6,"24":210,"25":72,"26":138,"27":2,"28":136,"29":136,"30":0,"31":136,"32":109,"33":27,"34":6},"f":{"0":147,"1":6,"2":6},"b":{"0":[140],"1":[147,140],"2":[139],"3":[140,140],"4":[3],"5":[7,3],"6":[2],"7":[3,3],"8":[72],"9":[2],"10":[0],"11":[136,136],"12":[109]}}
,"/Users/dulan.manujaya/bloomlings-idle-game/src/engine/evolution.ts": {"path":"/Users/dulan.manujaya/bloomlings-idle-game/src/engine/evolution.ts","statementMap":{"0":{"start":{"line":70,"column":0},"end":{"line":70,"column":16}},"1":{"start":{"line":111,"column":0},"end":{"line":111,"column":16}},"2":{"start":{"line":149,"column":0},"end":{"line":149,"column":16}},"3":{"start":{"line":175,"column":0},"end":{"line":175,"column":16}},"4":{"start":{"line":9,"column":0},"end":{"line":9,"column":54}},"5":{"start":{"line":11,"column":0},"end":{"line":11,"column":67}},"6":{"start":{"line":18,"column":57},"end":{"line":25,"column":2}},"7":{"start":{"line":28,"column":56},"end":{"line":35,"column":2}},"8":{"start":{"line":38,"column":54},"end":{"line":45,"column":2}},"9":{"start":{"line":48,"column":40},"end":{"line":48,"column":41}},"10":{"start":{"line":192,"column":9},"end":{"line":192,"column":40}},"11":{"start":{"line":74,"column":19},"end":{"line":74,"column":63}},"12":{"start":{"line":75,"column":2},"end":{"line":77,"column":3}},"13":{"start":{"line":76,"column":4},"end":{"line":76,"column":38}},"14":{"start":{"line":79,"column":17},"end":{"line":79,"column":32}},"15":{"start":{"line":81,"column":16},"end":{"line":81,"column":74}},"16":{"start":{"line":81,"column":42},"end":{"line":81,"column":74}},"17":{"start":{"line":83,"column":2},"end":{"line":96,"column":3}},"18":{"start":{"line":85,"column":6},"end":{"line":88,"column":8}},"19":{"start":{"line":90,"column":6},"end":{"line":93,"column":8}},"20":{"start":{"line":95,"column":6},"end":{"line":95,"column":40}},"21":{"start":{"line":117,"column":2},"end":{"line":119,"column":3}},"22":{"start":{"line":118,"column":4},"end":{"line":118,"column":17}},"23":{"start":{"line":122,"column":2},"end":{"line":124,"column":3}},"24":{"start":{"line":123,"column":4},"end":{"line":123,"column":17}},"25":{"start":{"line":127,"column":19},"end":{"line":127,"column":63}},"26":{"start":{"line":128,"column":2},"end":{"line":130,"column":3}},"27":{"start":{"line":129,"column":4},"end":{"line":129,"column":17}},"28":{"start":{"line":133,"column":15},"end":{"line":133,"column":58}},"29":{"start":{"line":134,"column":2},"end":{"line":136,"column":3}},"30":{"start":{"line":135,"column":4},"end":{"line":135,"column":17}},"31":{"start":{"line":137,"column":2},"end":{"line":139,"column":3}},"32":{"start":{"line":138,"column":4},"end":{"line":138,"column":17}},"33":{"start":{"line":141,"column":2},"end":{"line":141,"column":14}},"34":{"start":{"line":152,"column":2},"end":{"line":159,"column":3}},"35":{"start":{"line":154,"column":6},"end":{"line":154,"column":34}},"36":{"start":{"line":156,"column":6},"end":{"line":156,"column":34}},"37":{"start":{"line":158,"column":6},"end":{"line":158,"column":18}},"38":{"start":{"line":176,"column":20},"end":{"line":176,"column":67}},"39":{"start":{"line":177,"column":2},"end":{"line":179,"column":3}},"40":{"start":{"line":178,"column":4},"end":{"line":178,"column":21}},"41":{"start":{"line":181,"column":2},"end":{"line":185,"column":4}}},"fnMap":{"0":{"name":"getEvolutionCost","decl":{"start":{"line":70,"column":16},"end":{"line":70,"column":32}},"loc":{"start":{"line":72,"column":28},"end":{"line":97,"column":1}}},"1":{"name":"(anonymous_1)","decl":{"start":{"line":81,"column":16},"end":{"line":81,"column":17}},"loc":{"start":{"line":81,"column":42},"end":{"line":81,"column":74}}},"2":{"name":"canEvolve","decl":{"start":{"line":111,"column":16},"end":{"line":111,"column":25}},"loc":{"start":{"line":114,"column":28},"end":{"line":142,"column":1}}},"3":{"name":"getNextEvolutionStage","decl":{"start":{"line":149,"column":16},"end":{"line":149,"column":37}},"loc":{"start":{"line":150,"column":25},"end":{"line":160,"column":1}}},"4":{"name":"evolveBloomling","decl":{"start":{"line":175,"column":16},"end":{"line":175,"column":31}},"loc":{"start":{"line":175,"column":52},"end":{"line":186,"column":1}}}},"branchMap":{"0":{"loc":{"start":{"line":72,"column":2},"end":{"line":72,"column":28}},"type":"default-arg","locations":[{"start":{"line":72,"column":27},"end":{"line":72,"column":28}}]},"1":{"loc":{"start":{"line":75,"column":2},"end":{"line":77,"column":3}},"type":"if","locations":[{"start":{"line":75,"column":2},"end":{"line":77,"column":3}}]},"2":{"loc":{"start":{"line":83,"column":2},"end":{"line":96,"column":3}},"type":"switch","locations":[{"start":{"line":84,"column":4},"end":{"line":88,"column":8}},{"start":{"line":89,"column":4},"end":{"line":93,"column":8}},{"start":{"line":94,"column":4},"end":{"line":95,"column":40}}]},"3":{"loc":{"start":{"line":114,"column":2},"end":{"line":114,"column":28}},"type":"default-arg","locations":[{"start":{"line":114,"column":27},"end":{"line":114,"column":28}}]},"4":{"loc":{"start":{"line":117,"column":2},"end":{"line":119,"column":3}},"type":"if","locations":[{"start":{"line":117,"column":2},"end":{"line":119,"column":3}}]},"5":{"loc":{"start":{"line":122,"column":2},"end":{"line":124,"column":3}},"type":"if","locations":[{"start":{"line":122,"column":2},"end":{"line":124,"column":3}}]},"6":{"loc":{"start":{"line":128,"column":2},"end":{"line":130,"column":3}},"type":"if","locations":[{"start":{"line":128,"column":2},"end":{"line":130,"column":3}}]},"7":{"loc":{"start":{"line":134,"column":2},"end":{"line":136,"column":3}},"type":"if","locations":[{"start":{"line":134,"column":2},"end":{"line":136,"column":3}}]},"8":{"loc":{"start":{"line":137,"column":2},"end":{"line":139,"column":3}},"type":"if","locations":[{"start":{"line":137,"column":2},"end":{"line":139,"column":3}}]},"9":{"loc":{"start":{"line":152,"column":2},"end":{"line":159,"column":3}},"type":"switch","locations":[{"start":{"line":153,"column":4},"end":{"line":154,"column":34}},{"start":{"line":155,"column":4},"end":{"line":156,"column":34}},{"start":{"line":157,"column":4},"end":{"line":158,"column":18}}]},"10":{"loc":{"start":{"line":177,"column":2},"end":{"line":179,"column":3}},"type":"if","locations":[{"start":{"line":177,"column":2},"end":{"line":179,"column":3}}]}},"s":{"0":1,"1":1,"2":1,"3":1,"4":1,"5":1,"6":1,"7":1,"8":1,"9":1,"10":1,"11":13,"12":13,"13":1,"14":12,"15":12,"16":15,"17":12,"18":7,"19":4,"20":1,"21":9,"22":1,"23":8,"24":1,"25":7,"26":7,"27":1,"28":6,"29":6,"30":2,"31":4,"32":1,"33":3,"34":7,"35":3,"36":2,"37":2,"38":4,"39":4,"40":1,"41":3},"f":{"0":13,"1":15,"2":9,"3":7,"4":4},"b":{"0":[6],"1":[1],"2":[7,4,1],"3":[7],"4":[1],"5":[1],"6":[1],"7":[2],"8":[1],"9":[3,2,2],"10":[1]}}
,"/Users/dulan.manujaya/bloomlings-idle-game/src/engine/gameLoop.ts": {"path":"/Users/dulan.manujaya/bloomlings-idle-game/src/engine/gameLoop.ts","statementMap":{"0":{"start":{"line":91,"column":0},"end":{"line":91,"column":16}},"1":{"start":{"line":152,"column":0},"end":{"line":152,"column":16}},"2":{"start":{"line":215,"column":0},"end":{"line":215,"column":16}},"3":{"start":{"line":272,"column":0},"end":{"line":272,"column":16}},"4":{"start":{"line":9,"column":0},"end":{"line":9,"column":55}},"5":{"start":{"line":10,"column":0},"end":{"line":10,"column":61}},"6":{"start":{"line":11,"column":0},"end":{"line":11,"column":45}},"7":{"start":{"line":12,"column":0},"end":{"line":12,"column":null}},"8":{"start":{"line":19,"column":0},"end":{"line":19,"column":null}},"9":{"start":{"line":23,"column":0},"end":{"line":23,"column":58}},"10":{"start":{"line":24,"column":0},"end":{"line":24,"column":56}},"11":{"start":{"line":25,"column":0},"end":{"line":25,"column":71}},"12":{"start":{"line":26,"column":0},"end":{"line":26,"column":null}},"13":{"start":{"line":30,"column":0},"end":{"line":30,"column":null}},"14":{"start":{"line":40,"column":25},"end":{"line":40,"column":28}},"15":{"start":{"line":43,"column":23},"end":{"line":43,"column":33}},"16":{"start":{"line":46,"column":39},"end":{"line":46,"column":45}},"17":{"start":{"line":49,"column":38},"end":{"line":49,"column":44}},"18":{"start":{"line":52,"column":38},"end":{"line":52,"column":57}},"19":{"start":{"line":55,"column":29},"end":{"line":55,"column":30}},"20":{"start":{"line":56,"column":27},"end":{"line":56,"column":28}},"21":{"start":{"line":59,"column":23},"end":{"line":59,"column":27}},"22":{"start":{"line":65,"column":29},"end":{"line":65,"column":38}},"23":{"start":{"line":105,"column":23},"end":{"line":105,"column":37}},"24":{"start":{"line":108,"column":23},"end":{"line":108,"column":64}},"25":{"start":{"line":109,"column":26},"end":{"line":109,"column":56}},"26":{"start":{"line":110,"column":25},"end":{"line":110,"column":70}},"27":{"start":{"line":113,"column":19},"end":{"line":113,"column":24}},"28":{"start":{"line":114,"column":2},"end":{"line":120,"column":3}},"29":{"start":{"line":119,"column":4},"end":{"line":119,"column":22}},"30":{"start":{"line":123,"column":2},"end":{"line":130,"column":3}},"31":{"start":{"line":129,"column":4},"end":{"line":129,"column":23}},"32":{"start":{"line":133,"column":31},"end":{"line":133,"column":61}},"33":{"start":{"line":136,"column":29},"end":{"line":136,"column":54}},"34":{"start":{"line":137,"column":28},"end":{"line":137,"column":62}},"35":{"start":{"line":138,"column":28},"end":{"line":138,"column":66}},"36":{"start":{"line":140,"column":2},"end":{"line":145,"column":4}},"37":{"start":{"line":167,"column":2},"end":{"line":170,"column":3}},"38":{"start":{"line":168,"column":4},"end":{"line":168,"column":45}},"39":{"start":{"line":169,"column":4},"end":{"line":169,"column":49}},"40":{"start":{"line":173,"column":2},"end":{"line":175,"column":3}},"41":{"start":{"line":174,"column":4},"end":{"line":174,"column":23}},"42":{"start":{"line":178,"column":2},"end":{"line":184,"column":3}},"43":{"start":{"line":183,"column":4},"end":{"line":183,"column":38}},"44":{"start":{"line":187,"column":2},"end":{"line":192,"column":3}},"45":{"start":{"line":188,"column":22},"end":{"line":189,"column":null}},"46":{"start":{"line":189,"column":17},"end":{"line":189,"column":38}},"47":{"start":{"line":191,"column":4},"end":{"line":191,"column":37}},"48":{"start":{"line":195,"column":2},"end":{"line":197,"column":3}},"49":{"start":{"line":196,"column":4},"end":{"line":196,"column":24}},"50":{"start":{"line":200,"column":2},"end":{"line":200,"column":27}},"51":{"start":{"line":216,"column":16},"end":{"line":216,"column":39}},"52":{"start":{"line":219,"column":2},"end":{"line":219,"column":41}},"53":{"start":{"line":219,"column":29},"end":{"line":219,"column":41}},"54":{"start":{"line":221,"column":17},"end":{"line":221,"column":71}},"55":{"start":{"line":223,"column":2},"end":{"line":226,"column":3}},"56":{"start":{"line":224,"column":4},"end":{"line":224,"column":45}},"57":{"start":{"line":225,"column":4},"end":{"line":225,"column":49}},"58":{"start":{"line":228,"column":2},"end":{"line":235,"column":3}},"59":{"start":{"line":229,"column":4},"end":{"line":234,"column":7}},"60":{"start":{"line":237,"column":2},"end":{"line":251,"column":3}},"61":{"start":{"line":238,"column":4},"end":{"line":240,"column":5}},"62":{"start":{"line":239,"column":6},"end":{"line":239,"column":75}},"63":{"start":{"line":241,"column":17},"end":{"line":241,"column":41}},"64":{"start":{"line":242,"column":4},"end":{"line":250,"column":5}},"65":{"start":{"line":243,"column":6},"end":{"line":248,"column":10}},"66":{"start":{"line":243,"column":36},"end":{"line":248,"column":8}},"67":{"start":{"line":249,"column":6},"end":{"line":249,"column":58}},"68":{"start":{"line":253,"column":2},"end":{"line":253,"column":29}},"69":{"start":{"line":254,"column":2},"end":{"line":254,"column":27}},"70":{"start":{"line":256,"column":2},"end":{"line":256,"column":16}},"71":{"start":{"line":273,"column":22},"end":{"line":273,"column":73}},"72":{"start":{"line":274,"column":22},"end":{"line":274,"column":48}},"73":{"start":{"line":275,"column":34},"end":{"line":275,"column":60}},"74":{"start":{"line":276,"column":34},"end":{"line":276,"column":60}},"75":{"start":{"line":279,"column":37},"end":{"line":279,"column":80}},"76":{"start":{"line":281,"column":15},"end":{"line":333,"column":8}},"77":{"start":{"line":282,"column":16},"end":{"line":282,"column":26}},"78":{"start":{"line":283,"column":18},"end":{"line":283,"column":41}},"79":{"start":{"line":284,"column":20},"end":{"line":284,"column":45}},"80":{"start":{"line":287,"column":4},"end":{"line":287,"column":29}},"81":{"start":{"line":287,"column":22},"end":{"line":287,"column":29}},"82":{"start":{"line":290,"column":4},"end":{"line":306,"column":5}},"83":{"start":{"line":291,"column":6},"end":{"line":291,"column":44}},"84":{"start":{"line":292,"column":6},"end":{"line":305,"column":7}},"85":{"start":{"line":295,"column":8},"end":{"line":295,"column":58}},"86":{"start":{"line":296,"column":8},"end":{"line":296,"column":73}},"87":{"start":{"line":297,"column":13},"end":{"line":305,"column":7}},"88":{"start":{"line":302,"column":8},"end":{"line":302,"column":35}},"89":{"start":{"line":304,"column":8},"end":{"line":304,"column":73}},"90":{"start":{"line":309,"column":4},"end":{"line":322,"column":5}},"91":{"start":{"line":310,"column":6},"end":{"line":310,"column":44}},"92":{"start":{"line":311,"column":33},"end":{"line":313,"column":52}},"93":{"start":{"line":313,"column":22},"end":{"line":313,"column":44}},"94":{"start":{"line":314,"column":6},"end":{"line":314,"column":58}},"95":{"start":{"line":315,"column":32},"end":{"line":317,"column":52}},"96":{"start":{"line":317,"column":22},"end":{"line":317,"column":44}},"97":{"start":{"line":318,"column":6},"end":{"line":321,"column":7}},"98":{"start":{"line":319,"column":8},"end":{"line":319,"column":28}},"99":{"start":{"line":320,"column":8},"end":{"line":320,"column":41}},"100":{"start":{"line":324,"column":19},"end":{"line":324,"column":48}},"101":{"start":{"line":325,"column":4},"end":{"line":325,"column":41}},"102":{"start":{"line":327,"column":4},"end":{"line":330,"column":5}},"103":{"start":{"line":328,"column":6},"end":{"line":328,"column":26}},"104":{"start":{"line":329,"column":6},"end":{"line":329,"column":39}},"105":{"start":{"line":332,"column":4},"end":{"line":332,"column":30}},"106":{"start":{"line":335,"column":20},"end":{"line":340,"column":12}},"107":{"start":{"line":336,"column":4},"end":{"line":336,"column":45}},"108":{"start":{"line":336,"column":38},"end":{"line":336,"column":45}},"109":{"start":{"line":337,"column":4},"end":{"line":337,"column":37}},"110":{"start":{"line":338,"column":4},"end":{"line":338,"column":62}},"111":{"start":{"line":339,"column":4},"end":{"line":339,"column":51}},"112":{"start":{"line":342,"column":19},"end":{"line":347,"column":8}},"113":{"start":{"line":343,"column":4},"end":{"line":343,"column":45}},"114":{"start":{"line":343,"column":38},"end":{"line":343,"column":45}},"115":{"start":{"line":344,"column":4},"end":{"line":344,"column":39}},"116":{"start":{"line":345,"column":4},"end":{"line":345,"column":31}},"117":{"start":{"line":346,"column":4},"end":{"line":346,"column":52}},"118":{"start":{"line":350,"column":2},"end":{"line":412,"column":28}},"119":{"start":{"line":351,"column":33},"end":{"line":389,"column":5}},"120":{"start":{"line":352,"column":6},"end":{"line":388,"column":7}},"121":{"start":{"line":355,"column":8},"end":{"line":355,"column":53}},"122":{"start":{"line":357,"column":20},"end":{"line":357,"column":30}},"123":{"start":{"line":358,"column":8},"end":{"line":358,"column":34}},"124":{"start":{"line":359,"column":8},"end":{"line":359,"column":34}},"125":{"start":{"line":362,"column":22},"end":{"line":362,"column":45}},"126":{"start":{"line":363,"column":29},"end":{"line":364,"column":null}},"127":{"start":{"line":364,"column":17},"end":{"line":364,"column":34}},"128":{"start":{"line":366,"column":8},"end":{"line":368,"column":9}},"129":{"start":{"line":367,"column":10},"end":{"line":367,"column":46}},"130":{"start":{"line":371,"column":8},"end":{"line":373,"column":9}},"131":{"start":{"line":372,"column":10},"end":{"line":372,"column":29}},"132":{"start":{"line":375,"column":8},"end":{"line":375,"column":39}},"133":{"start":{"line":376,"column":8},"end":{"line":376,"column":20}},"134":{"start":{"line":377,"column":8},"end":{"line":377,"column":48}},"135":{"start":{"line":378,"column":8},"end":{"line":378,"column":28}},"136":{"start":{"line":379,"column":8},"end":{"line":379,"column":38}},"137":{"start":{"line":380,"column":13},"end":{"line":388,"column":7}},"138":{"start":{"line":381,"column":8},"end":{"line":381,"column":55}},"139":{"start":{"line":383,"column":20},"end":{"line":383,"column":30}},"140":{"start":{"line":384,"column":8},"end":{"line":384,"column":51}},"141":{"start":{"line":385,"column":8},"end":{"line":385,"column":53}},"142":{"start":{"line":386,"column":8},"end":{"line":386,"column":19}},"143":{"start":{"line":387,"column":8},"end":{"line":387,"column":64}},"144":{"start":{"line":391,"column":25},"end":{"line":393,"column":null}},"145":{"start":{"line":399,"column":4},"end":{"line":399,"c
[...]
mn":49},"end":{"line":244,"column":1}}},"13":{"name":"selectEffectiveTapValue","decl":{"start":{"line":249,"column":16},"end":{"line":249,"column":39}},"loc":{"start":{"line":250,"column":49},"end":{"line":253,"column":1}}},"14":{"name":"getZoneThreshold","decl":{"start":{"line":262,"column":16},"end":{"line":262,"column":32}},"loc":{"start":{"line":262,"column":81},"end":{"line":264,"column":1}}},"15":{"name":"hasReachedZoneThreshold","decl":{"start":{"line":269,"column":16},"end":{"line":269,"column":39}},"loc":{"start":{"line":270,"column":66},"end":{"line":275,"column":1}}},"16":{"name":"selectAbilityBonuses","decl":{"start":{"line":280,"column":16},"end":{"line":280,"column":36}},"loc":{"start":{"line":280,"column":84},"end":{"line":285,"column":1}}},"17":{"name":"canAffordUpgrade","decl":{"start":{"line":295,"column":16},"end":{"line":295,"column":32}},"loc":{"start":{"line":300,"column":25},"end":{"line":311,"column":1}}},"18":{"name":"calculateNectarOnRebirth","decl":{"start":{"line":322,"column":16},"end":{"line":322,"column":40}},"loc":{"start":{"line":323,"column":36},"end":{"line":331,"column":1}}},"19":{"name":"getComboMultiplier","decl":{"start":{"line":341,"column":16},"end":{"line":341,"column":34}},"loc":{"start":{"line":341,"column":53},"end":{"line":344,"column":1}}},"20":{"name":"getActiveBoosts","decl":{"start":{"line":353,"column":16},"end":{"line":353,"column":31}},"loc":{"start":{"line":355,"column":13},"end":{"line":358,"column":1}}},"21":{"name":"(anonymous_21)","decl":{"start":{"line":357,"column":35},"end":{"line":357,"column":36}},"loc":{"start":{"line":357,"column":46},"end":{"line":357,"column":67}}},"22":{"name":"getBoostMultiplier","decl":{"start":{"line":363,"column":16},"end":{"line":363,"column":34}},"loc":{"start":{"line":365,"column":13},"end":{"line":370,"column":1}}},"23":{"name":"(anonymous_23)","decl":{"start":{"line":369,"column":23},"end":{"line":369,"column":24}},"loc":{"start":{"line":369,"column":40},"end":{"line":369,"column":63}}}},"branchMap":{"0":{"loc":{"start":{"line":111,"column":4},"end":{"line":111,"column":32}},"type":"if","locations":[{"start":{"line":111,"column":4},"end":{"line":111,"column":32}}]},"1":{"loc":{"start":{"line":113,"column":4},"end":{"line":113,"column":42}},"type":"if","locations":[{"start":{"line":113,"column":4},"end":{"line":113,"column":42}}]},"2":{"loc":{"start":{"line":132,"column":2},"end":{"line":132,"column":46}},"type":"if","locations":[{"start":{"line":132,"column":2},"end":{"line":132,"column":46}}]},"3":{"loc":{"start":{"line":134,"column":41},"end":{"line":136,"column":10}},"type":"cond-expr","locations":[{"start":{"line":135,"column":6},"end":{"line":135,"column":61}},{"start":{"line":136,"column":6},"end":{"line":136,"column":10}}]},"4":{"loc":{"start":{"line":138,"column":34},"end":{"line":140,"column":27}},"type":"cond-expr","locations":[{"start":{"line":139,"column":6},"end":{"line":139,"column":91}},{"start":{"line":140,"column":6},"end":{"line":140,"column":27}}]},"5":{"loc":{"start":{"line":150,"column":24},"end":{"line":152,"column":9}},"type":"cond-expr","locations":[{"start":{"line":151,"column":8},"end":{"line":151,"column":68}},{"start":{"line":152,"column":8},"end":{"line":152,"column":9}}]},"6":{"loc":{"start":{"line":153,"column":58},"end":{"line":153,"column":112}},"type":"binary-expr","locations":[{"start":{"line":153,"column":58},"end":{"line":153,"column":107}},{"start":{"line":153,"column":111},"end":{"line":153,"column":112}}]},"7":{"loc":{"start":{"line":181,"column":20},"end":{"line":181,"column":65}},"type":"binary-expr","locations":[{"start":{"line":181,"column":20},"end":{"line":181,"column":60}},{"start":{"line":181,"column":64},"end":{"line":181,"column":65}}]},"8":{"loc":{"start":{"line":183,"column":28},"end":{"line":183,"column":71}},"type":"binary-expr","locations":[{"start":{"line":183,"column":28},"end":{"line":183,"column":66}},{"start":{"line":183,"column":70},"end":{"line":183,"column":71}}]},"9":{"loc":{"start":{"line":185,"column":31},"end":{"line":185,"column":77}},"type":"binary-expr","locations":[{"start":{"line":185,"column":31},"end":{"line":185,"column":72}},{"start":{"line":185,"column":76},"end":{"line":185,"column":77}}]},"10":{"loc":{"start":{"line":189,"column":20},"end":{"line":189,"column":73}},"type":"binary-expr","locations":[{"start":{"line":189,"column":20},"end":{"line":189,"column":68}},{"start":{"line":189,"column":72},"end":{"line":189,"column":73}}]},"11":{"loc":{"start":{"line":231,"column":24},"end":{"line":231,"column":63}},"type":"binary-expr","locations":[{"start":{"line":231,"column":24},"end":{"line":231,"column":58}},{"start":{"line":231,"column":62},"end":{"line":231,"column":63}}]},"12":{"loc":{"start":{"line":242,"column":29},"end":{"line":242,"column":73}},"type":"binary-expr","locations":[{"start":{"line":242,"column":29},"end":{"line":242,"column":68}},{"start":{"line":242,"column":72},"end":{"line":242,"column":73}}]},"13":{"loc":{"start":{"line":262,"column":53},"end":{"line":262,"column":81}},"type":"default-arg","locations":[{"start":{"line":262,"column":80},"end":{"line":262,"column":81}}]},"14":{"loc":{"start":{"line":282,"column":2},"end":{"line":282,"column":66}},"type":"if","locations":[{"start":{"line":282,"column":2},"end":{"line":282,"column":66}}]},"15":{"loc":{"start":{"line":302,"column":23},"end":{"line":302,"column":61}},"type":"binary-expr","locations":[{"start":{"line":302,"column":23},"end":{"line":302,"column":56}},{"start":{"line":302,"column":60},"end":{"line":302,"column":61}}]},"16":{"loc":{"start":{"line":303,"column":2},"end":{"line":303,"column":66}},"type":"if","locations":[{"start":{"line":303,"column":2},"end":{"line":303,"column":66}}]},"17":{"loc":{"start":{"line":303,"column":6},"end":{"line":303,"column":51}},"type":"binary-expr","locations":[{"start":{"line":303,"column":6},"end":{"line":303,"column":23}},{"start":{"line":303,"column":27},"end":{"line":303,"column":51}}]},"18":{"loc":{"start":{"line":326,"column":2},"end":{"line":326,"column":50}},"type":"if","locations":[{"start":{"line":326,"column":2},"end":{"line":326,"column":50}}]},"19":{"loc":{"start":{"line":368,"column":2},"end":{"line":368,"column":36}},"type":"if","locations":[{"start":{"line":368,"column":2},"end":{"line":368,"column":36}}]}},"s":{"0":3,"1":3,"2":3,"3":3,"4":3,"5":3,"6":3,"7":3,"8":3,"9":3,"10":3,"11":3,"12":3,"13":3,"14":3,"15":3,"16":3,"17":3,"18":3,"19":3,"20":3,"21":3,"22":3,"23":3,"24":3,"25":3,"26":3,"27":13,"28":3,"29":3,"30":3,"31":5,"32":5,"33":5,"34":16,"35":16,"36":27,"37":27,"38":15,"39":1,"40":14,"41":14,"42":13,"43":27,"44":17,"45":17,"46":8,"47":9,"48":9,"49":9,"50":9,"51":11,"52":11,"53":11,"54":11,"55":11,"56":9,"57":1,"58":1,"59":12,"60":12,"61":12,"62":12,"63":12,"64":12,"65":12,"66":6,"67":0,"68":0,"69":4,"70":4,"71":4,"72":5,"73":5,"74":2,"75":16,"76":10,"77":10,"78":10,"79":10,"80":10,"81":8,"82":2,"83":2,"84":4,"85":4,"86":1,"87":3,"88":3,"89":2,"90":2,"91":1,"92":1,"93":7,"94":7,"95":23,"96":12,"97":12,"98":12,"99":8,"100":4,"101":5},"f":{"0":13,"1":5,"2":16,"3":27,"4":17,"5":1,"6":1,"7":12,"8":6,"9":0,"10":4,"11":4,"12":5,"13":2,"14":16,"15":10,"16":10,"17":4,"18":2,"19":7,"20":23,"21":12,"22":12,"23":5},"b":{"0":[1],"1":[13],"2":[8],"3":[5,4],"4":[5,4],"5":[6,5],"6":[11,11],"7":[12,11],"8":[12,12],"9":[12,12],"10":[6,0],"11":[4,2],"12":[5,3],"13":[6],"14":[8],"15":[4,2],"16":[1],"17":[4,2],"18":[1],"19":[8]}}
,"/Users/dulan.manujaya/bloomlings-idle-game/src/types/game.ts": {"path":"/Users/dulan.manujaya/bloomlings-idle-game/src/types/game.ts","statementMap":{"0":{"start":{"line":14,"column":0},"end":{"line":14,"column":null}},"1":{"start":{"line":15,"column":2},"end":{"line":15,"column":null}},"2":{"start":{"line":16,"column":2},"end":{"line":16,"column":null}},"3":{"start":{"line":17,"column":2},"end":{"line":17,"column":null}},"4":{"start":{"line":18,"column":2},"end":{"line":18,"column":null}},"5":{"start":{"line":19,"column":2},"end":{"line":19,"column":null}},"6":{"start":{"line":20,"column":2},"end":{"line":20,"column":null}},"7":{"start":{"line":24,"column":0},"end":{"line":24,"column":null}},"8":{"start":{"line":26,"column":2},"end":{"line":26,"column":null}},"9":{"start":{"line":28,"column":2},"end":{"line":28,"column":null}},"10":{"start":{"line":30,"column":2},"end":{"line":30,"column":null}},"11":{"start":{"line":34,"column":0},"end":{"line":34,"column":null}},"12":{"start":{"line":35,"column":2},"end":{"line":35,"column":null}},"13":{"start":{"line":36,"column":2},"end":{"line":36,"column":null}},"14":{"start":{"line":37,"column":2},"end":{"line":37,"column":null}},"15":{"start":{"line":38,"column":2},"end":{"line":38,"column":null}},"16":{"start":{"line":40,"column":2},"end":{"line":40,"column":null}},"17":{"start":{"line":41,"column":2},"end":{"line":41,"column":null}},"18":{"start":{"line":42,"column":2},"end":{"line":42,"column":null}},"19":{"start":{"line":43,"column":2},"end":{"line":43,"column":null}},"20":{"start":{"line":44,"column":2},"end":{"line":44,"column":null}},"21":{"start":{"line":48,"column":0},"end":{"line":48,"column":null}},"22":{"start":{"line":50,"column":2},"end":{"line":50,"column":null}},"23":{"start":{"line":52,"column":2},"end":{"line":52,"column":null}},"24":{"start":{"line":54,"column":2},"end":{"line":54,"column":null}},"25":{"start":{"line":56,"column":2},"end":{"line":56,"column":null}},"26":{"start":{"line":60,"column":0},"end":{"line":60,"column":null}},"27":{"start":{"line":62,"column":2},"end":{"line":62,"column":null}},"28":{"start":{"line":64,"column":2},"end":{"line":64,"column":null}},"29":{"start":{"line":66,"column":2},"end":{"line":66,"column":null}},"30":{"start":{"line":68,"column":2},"end":{"line":68,"column":null}},"31":{"start":{"line":70,"column":2},"end":{"line":70,"column":null}},"32":{"start":{"line":72,"column":2},"end":{"line":72,"column":null}},"33":{"start":{"line":76,"column":0},"end":{"line":76,"column":null}},"34":{"start":{"line":78,"column":2},"end":{"line":78,"column":null}},"35":{"start":{"line":80,"column":2},"end":{"line":80,"column":null}},"36":{"start":{"line":82,"column":2},"end":{"line":82,"column":null}},"37":{"start":{"line":84,"column":2},"end":{"line":84,"column":null}},"38":{"start":{"line":86,"column":2},"end":{"line":86,"column":null}},"39":{"start":{"line":88,"column":2},"end":{"line":88,"column":null}},"40":{"start":{"line":90,"column":2},"end":{"line":90,"column":null}},"41":{"start":{"line":94,"column":0},"end":{"line":94,"column":null}},"42":{"start":{"line":96,"column":2},"end":{"line":96,"column":null}},"43":{"start":{"line":98,"column":2},"end":{"line":98,"column":null}},"44":{"start":{"line":100,"column":2},"end":{"line":100,"column":null}},"45":{"start":{"line":102,"column":2},"end":{"line":102,"column":null}},"46":{"start":{"line":104,"column":2},"end":{"line":104,"column":null}},"47":{"start":{"line":106,"column":2},"end":{"line":106,"column":null}},"48":{"start":{"line":110,"column":0},"end":{"line":110,"column":null}},"49":{"start":{"line":111,"column":2},"end":{"line":111,"column":null}},"50":{"start":{"line":112,"column":2},"end":{"line":112,"column":null}},"51":{"start":{"line":113,"column":2},"end":{"line":113,"column":null}},"52":{"start":{"line":114,"column":2},"end":{"line":114,"column":null}},"53":{"start":{"line":115,"column":2},"end":{"line":115,"column":null}},"54":{"start":{"line":119,"column":0},"end":{"line":119,"column":null}},"55":{"start":{"line":120,"column":2},"end":{"line":120,"column":null}},"56":{"start":{"line":121,"column":2},"end":{"line":121,"column":null}},"57":{"start":{"line":122,"column":2},"end":{"line":122,"column":null}},"58":{"start":{"line":123,"column":2},"end":{"line":123,"column":null}},"59":{"start":{"line":124,"column":2},"end":{"line":124,"column":null}},"60":{"start":{"line":128,"column":0},"end":{"line":128,"column":null}},"61":{"start":{"line":129,"column":2},"end":{"line":129,"column":null}},"62":{"start":{"line":130,"column":2},"end":{"line":130,"column":null}}},"fnMap":{"0":{"name":"(anonymous_0)","decl":{"start":{"line":14,"column":0},"end":{"line":14,"column":12}},"loc":{"start":{"line":14,"column":18},"end":{"line":21,"column":1}}},"1":{"name":"(anonymous_1)","decl":{"start":{"line":24,"column":0},"end":{"line":24,"column":12}},"loc":{"start":{"line":24,"column":26},"end":{"line":31,"column":1}}},"2":{"name":"(anonymous_2)","decl":{"start":{"line":34,"column":0},"end":{"line":34,"column":12}},"loc":{"start":{"line":34,"column":21},"end":{"line":45,"column":1}}},"3":{"name":"(anonymous_3)","decl":{"start":{"line":48,"column":0},"end":{"line":48,"column":12}},"loc":{"start":{"line":48,"column":27},"end":{"line":57,"column":1}}},"4":{"name":"(anonymous_4)","decl":{"start":{"line":60,"column":0},"end":{"line":60,"column":12}},"loc":{"start":{"line":60,"column":23},"end":{"line":73,"column":1}}},"5":{"name":"(anonymous_5)","decl":{"start":{"line":76,"column":0},"end":{"line":76,"column":12}},"loc":{"start":{"line":76,"column":24},"end":{"line":91,"column":1}}},"6":{"name":"(anonymous_6)","decl":{"start":{"line":94,"column":0},"end":{"line":94,"column":12}},"loc":{"start":{"line":94,"column":24},"end":{"line":107,"column":1}}},"7":{"name":"(anonymous_7)","decl":{"start":{"line":110,"column":0},"end":{"line":110,"column":12}},"loc":{"start":{"line":110,"column":31},"end":{"line":116,"column":1}}},"8":{"name":"(anonymous_8)","decl":{"start":{"line":119,"column":0},"end":{"line":119,"column":12}},"loc":{"start":{"line":119,"column":25},"end":{"line":125,"column":1}}},"9":{"name":"(anonymous_9)","decl":{"start":{"line":128,"column":0},"end":{"line":128,"column":12}},"loc":{"start":{"line":128,"column":20},"end":{"line":131,"column":1}}}},"branchMap":{"0":{"loc":{"start":{"line":14,"column":12},"end":{"line":14,"column":null}},"type":"binary-expr","locations":[{"start":{"line":14,"column":12},"end":{"line":14,"column":18}},{"start":{"line":14,"column":18},"end":{"line":14,"column":null}}]},"1":{"loc":{"start":{"line":24,"column":12},"end":{"line":24,"column":null}},"type":"binary-expr","locations":[{"start":{"line":24,"column":12},"end":{"line":24,"column":26}},{"start":{"line":24,"column":26},"end":{"line":24,"column":null}}]},"2":{"loc":{"start":{"line":34,"column":12},"end":{"line":34,"column":null}},"type":"binary-expr","locations":[{"start":{"line":34,"column":12},"end":{"line":34,"column":21}},{"start":{"line":34,"column":21},"end":{"line":34,"column":null}}]},"3":{"loc":{"start":{"line":48,"column":12},"end":{"line":48,"column":null}},"type":"binary-expr","locations":[{"start":{"line":48,"column":12},"end":{"line":48,"column":27}},{"start":{"line":48,"column":27},"end":{"line":48,"column":null}}]},"4":{"loc":{"start":{"line":60,"column":12},"end":{"line":60,"column":null}},"type":"binary-expr","locations":[{"start":{"line":60,"column":12},"end":{"line":60,"column":23}},{"start":{"line":60,"column":23},"end":{"line":60,"column":null}}]},"5":{"loc":{"start":{"line":76,"column":12},"end":{"line":76,"column":null}},"type":"binary-expr","locations":[{"start":{"line":76,"column":12},"end":{"line":76,"column":24}},{"start":{"line":76,"column":24},"end":{"line":76,"column":null}}]},"6":{"loc":{"start":{"line":94,"column":12},"end":{"line":94,"column":null}},"type":"binary-expr","locations":[{"start":{"line":94,"column":12},"end":{"line":94,"column":24}},{"start":{"line":94,"column":24},"end":{"line":94,"column":null}}]},"7":{"loc":{"start":{"line":110,"column":12},"end":{"line":110,"column":null}},"type":"binary-expr","locations":[{"start":{"line":110,"column":12},"end":{"line":110,"column":31}},{"start":{"line":110,"column":31},"end":{"line":110,"column":null}}]},"8":{"loc":{"start":{"line":119,"column":12},"end":{"line":119,"column":null}},"type":"binary-expr","locations":[{"start":{"line":119,"column":12},"end":{"line":119,"column":25}},{"start":{"line":119,"column":25},"end":{"line":119,"column":null}}]},"9":{"loc":{"start":{"line":128,"column":12},"end":{"line":128,"column":null}},"type":"binary-expr","locations":[{"start":{"line":128,"column":12},"end":{"line":128,"column":20}},{"start":{"line":128,"column":20},"end":{"line":128,"column":null}}]}},"s":{"0":14,"1":14,"2":14,"3":14,"4":14,"5":14,"6":14,"7":14,"8":14,"9":14,"10":14,"11":14,"12":14,"13":14,"14":14,"15":14,"16":14,"17":14,"18":14,"19":14,"20":14,"21":14,"22":14,"23":14,"24":14,"25":14,"26":14,"27":14,"28":14,"29":14,"30":14,"31":14,"32":14,"33":14,"34":14,"35":14,"36":14,"37":14,"38":14,"39":14,"40":14,"41":14,"42":14,"43":14,"44":14,"45":14,"46":14,"47":14,"48":14,"49":14,"50":14,"51":14,"52":14,"53":14,"54":14,"55":14,"56":14,"57":14,"58":14,"59":14,"60":14,"61":14,"62":14},"f":{"0":14,"1":14,"2":14,"3":14,"4":14,"5":14,"6":14,"7":14,"8":14,"9":14},"b":{"0":[14,14],"1":[14,14],"2":[14,14],"3":[14,14],"4":[14,14],"5":[14,14],"6":[14,14],"7":[14,14],"8":[14,14],"9":[14,14]}}
,"/Users/dulan.manujaya/bloomlings-idle-game/src/utils/formatNumber.ts": {"path":"/Users/dulan.manujaya/bloomlings-idle-game/src/utils/formatNumber.ts","statementMap":{"0":{"start":{"line":39,"column":0},"end":{"line":39,"column":16}},"1":{"start":{"line":78,"column":0},"end":{"line":78,"column":16}},"2":{"start":{"line":9,"column":36},"end":{"line":22,"column":2}},"3":{"start":{"line":40,"column":2},"end":{"line":42,"column":3}},"4":{"start":{"line":41,"column":4},"end":{"line":41,"column":44}},"5":{"start":{"line":44,"column":2},"end":{"line":50,"column":3}},"6":{"start":{"line":46,"column":4},"end":{"line":48,"column":5}},"7":{"start":{"line":47,"column":6},"end":{"line":47,"column":26}},"8":{"start":{"line":49,"column":4},"end":{"line":49,"column":31}},"9":{"start":{"line":52,"column":13},"end":{"line":52,"column":14}},"10":{"start":{"line":53,"column":15},"end":{"line":53,"column":16}},"11":{"start":{"line":55,"column":2},"end":{"line":58,"column":3}},"12":{"start":{"line":56,"column":4},"end":{"line":56,"column":19}},"13":{"start":{"line":57,"column":4},"end":{"line":57,"column":11}},"14":{"start":{"line":60,"column":17},"end":{"line":60,"column":31}},"15":{"start":{"line":61,"column":2},"end":{"line":63,"column":3}},"16":{"start":{"line":62,"column":4},"end":{"line":62,"column":37}},"17":{"start":{"line":65,"column":2},"end":{"line":65,"column":43}},"18":{"start":{"line":79,"column":2},"end":{"line":79,"column":35}}},"fnMap":{"0":{"name":"formatNumber","decl":{"start":{"line":39,"column":16},"end":{"line":39,"column":28}},"loc":{"start":{"line":39,"column":60},"end":{"line":66,"column":1}}},"1":{"name":"formatRate","decl":{"start":{"line":78,"column":16},"end":{"line":78,"column":26}},"loc":{"start":{"line":78,"column":39},"end":{"line":80,"column":1}}}},"branchMap":{"0":{"loc":{"start":{"line":39,"column":40},"end":{"line":39,"column":60}},"type":"default-arg","locations":[{"start":{"line":39,"column":59},"end":{"line":39,"column":60}}]},"1":{"loc":{"start":{"line":40,"column":2},"end":{"line":42,"column":3}},"type":"if","locations":[{"start":{"line":40,"column":2},"end":{"line":42,"column":3}}]},"2":{"loc":{"start":{"line":44,"column":2},"end":{"line":50,"column":3}},"type":"if","locations":[{"start":{"line":44,"column":2},"end":{"line":50,"column":3}}]},"3":{"loc":{"start":{"line":46,"column":4},"end":{"line":48,"column":5}},"type":"if","locations":[{"start":{"line":46,"column":4},"end":{"line":48,"column":5}}]},"4":{"loc":{"start":{"line":55,"column":9},"end":{"line":55,"column":53}},"type":"binary-expr","locations":[{"start":{"line":55,"column":9},"end":{"line":55,"column":23}},{"start":{"line":55,"column":27},"end":{"line":55,"column":53}}]},"5":{"loc":{"start":{"line":61,"column":2},"end":{"line":63,"column":3}},"type":"if","locations":[{"start":{"line":61,"column":2},"end":{"line":63,"column":3}}]}},"s":{"0":1,"1":1,"2":1,"3":25,"4":2,"5":23,"6":11,"7":6,"8":5,"9":12,"10":12,"11":12,"12":22,"13":22,"14":12,"15":12,"16":0,"17":12,"18":4},"f":{"0":25,"1":4},"b":{"0":[20],"1":[2],"2":[11],"3":[6],"4":[34,22],"5":[0]}}
}
