TN:
SF:src/data/achievementTemplates.ts
FN:11,def
FN:502,(anonymous_1)
FN:505,buildInitialAchievements
FNF:3
FNH:3
FNDA:36,def
FNDA:36,(anonymous_1)
FNDA:2,buildInitialAchievements
DA:8,1
DA:21,36
DA:40,1
DA:51,1
DA:62,1
DA:73,1
DA:84,1
DA:95,1
DA:106,1
DA:117,1
DA:132,1
DA:143,1
DA:154,1
DA:165,1
DA:176,1
DA:187,1
DA:198,1
DA:209,1
DA:220,1
DA:235,1
DA:246,1
DA:257,1
DA:268,1
DA:279,1
DA:290,1
DA:301,1
DA:316,1
DA:327,1
DA:338,1
DA:349,1
DA:360,1
DA:371,1
DA:386,1
DA:397,1
DA:408,1
DA:419,1
DA:430,1
DA:441,1
DA:456,1
DA:501,1
DA:502,36
DA:505,1
DA:506,2
DA:507,2
DA:508,72
DA:510,2
LF:46
LH:46
BRF:0
BRH:0
end_of_record
TN:
SF:src/data/bloomlingTemplates.ts
FN:620,(anonymous_0)
FN:624,getBloomlingTemplate
FNF:2
FNH:2
FNDA:175,(anonymous_0)
FNDA:6,getBloomlingTemplate
DA:9,5
DA:18,5
DA:617,5
DA:620,175
DA:624,5
DA:627,6
LF:6
LH:6
BRF:0
BRH:0
end_of_record
TN:
SF:src/data/perkTemplates.ts
FN:123,(anonymous_0)
FNF:1
FNH:1
FNDA:21,(anonymous_0)
DA:21,3
DA:45,3
DA:48,3
DA:51,3
DA:53,3
DA:122,3
DA:123,21
LF:7
LH:7
BRF:0
BRH:0
end_of_record
TN:
SF:src/engine/abilities.ts
FN:51,getAbilityPower
FN:62,getActiveAbilities
FN:83,computeAbilityBonuses
FN:137,emptyAbilityBonuses
FNF:4
FNH:4
FNDA:14,getAbilityPower
FNDA:9,getActiveAbilities
FNDA:11,computeAbilityBonuses
FNDA:24,emptyAbilityBonuses
DA:13,4
DA:44,4
DA:45,4
DA:51,4
DA:52,14
DA:54,10
DA:56,2
DA:58,2
DA:62,4
DA:66,9
DA:67,9
DA:68,11
DA:69,11
DA:70,2
DA:71,2
DA:72,2
DA:80,9
DA:83,4
DA:87,11
DA:89,11
DA:90,48
DA:91,48
DA:93,48
DA:95,2
DA:96,2
DA:98,0
DA:101,2
DA:103,30
DA:104,30
DA:106,0
DA:108,30
DA:110,1
DA:111,1
DA:113,0
DA:115,1
DA:117,15
DA:118,15
DA:120,0
DA:121,0
DA:123,0
DA:124,0
DA:128,11
DA:129,11
DA:134,11
DA:137,4
DA:138,24
LF:46
LH:39
BRDA:52,0,0,10
BRDA:52,0,1,2
BRDA:52,0,2,2
BRDA:69,1,0,9
BRDA:71,2,0,0
BRDA:91,3,0,48
BRDA:91,3,1,0
BRDA:93,4,0,2
BRDA:93,4,1,30
BRDA:93,4,2,1
BRDA:93,4,3,15
BRDA:93,4,4,0
BRDA:93,4,5,0
BRDA:95,5,0,2
BRDA:95,5,1,0
BRDA:95,6,0,2
BRDA:95,6,1,0
BRDA:99,7,0,0
BRDA:99,7,1,0
BRDA:103,8,0,30
BRDA:103,8,1,0
BRDA:110,9,0,1
BRDA:110,9,1,0
BRF:23
BRH:13
end_of_record
TN:
SF:src/engine/achievements.ts
FN:55,computeProgress
FN:60,(anonymous_1)
FN:65,(anonymous_2)
FN:69,(anonymous_3)
FN:78,(anonymous_4)
FN:84,(anonymous_5)
FN:87,(anonymous_6)
FN:98,(anonymous_7)
FN:155,(anonymous_8)
FN:176,checkAchievements
FN:200,computeAllProgress
FNF:11
FNH:9
FNDA:42,computeProgress
FNDA:9,(anonymous_1)
FNDA:2,(anonymous_2)
FNDA:2,(anonymous_3)
FNDA:2,(anonymous_4)
FNDA:0,(anonymous_5)
FNDA:0,(anonymous_6)
FNDA:3,(anonymous_7)
FNDA:3,(anonymous_8)
FNDA:6,checkAchievements
FNDA:4,computeAllProgress
DA:14,1
DA:40,1
DA:55,1
DA:59,42
DA:60,42
DA:62,42
DA:65,2
DA:68,2
DA:70,2
DA:77,2
DA:78,2
DA:84,0
DA:87,0
DA:90,2
DA:94,1
DA:97,1
DA:98,3
DA:105,4
DA:109,7
DA:113,1
DA:117,1
DA:127,7
DA:133,3
DA:136,1
DA:140,1
DA:143,1
DA:150,5
DA:154,1
DA:155,3
DA:157,1
DA:161,1
DA:176,1
DA:177,6
DA:179,6
DA:180,7
DA:181,6
DA:183,4
DA:184,4
DA:185,3
DA:189,6
DA:200,1
DA:201,4
DA:202,4
DA:203,5
DA:204,1
DA:206,4
DA:207,4
DA:210,4
LF:48
LH:46
BRDA:62,0,0,1
BRDA:62,0,1,2
BRDA:62,0,2,2
BRDA:62,0,3,0
BRDA:62,0,4,0
BRDA:62,0,5,2
BRDA:62,0,6,1
BRDA:62,0,7,1
BRDA:62,0,8,2
BRDA:62,0,9,3
BRDA:62,0,10,4
BRDA:62,0,11,5
BRDA:62,0,12,7
BRDA:62,0,13,1
BRDA:62,0,14,1
BRDA:62,0,15,1
BRDA:62,0,16,1
BRDA:62,0,17,1
BRDA:62,0,18,2
BRDA:62,0,19,3
BRDA:62,0,20,4
BRDA:62,0,21,5
BRDA:62,0,22,6
BRDA:62,0,23,7
BRDA:62,0,24,1
BRDA:62,0,25,2
BRDA:62,0,26,3
BRDA:62,0,27,1
BRDA:62,0,28,1
BRDA:62,0,29,1
BRDA:62,0,30,1
BRDA:62,0,31,1
BRDA:62,0,32,2
BRDA:62,0,33,3
BRDA:62,0,34,5
BRDA:62,0,35,1
BRDA:62,0,36,1
BRDA:68,1,0,1
BRDA:68,1,1,1
BRDA:70,2,0,2
BRDA:70,2,1,1
BRDA:77,3,0,1
BRDA:77,3,1,1
BRDA:90,4,0,1
BRDA:90,4,1,1
BRDA:155,5,0,3
BRDA:155,5,1,2
BRDA:180,6,0,1
BRDA:181,7,0,2
BRDA:184,8,0,3
BRDA:203,9,0,1
BRDA:203,9,1,4
BRDA:207,10,0,3
BRDA:207,10,1,1
BRF:54
BRH:52
end_of_record
TN:
SF:src/engine/autoTap.ts
FN:8,getAutoTapRate
FNF:1
FNH:1
FNDA:4,getAutoTapRate
DA:3,1
DA:4,1
DA:5,1
DA:6,1
DA:8,1
DA:9,4
DA:10,2
DA:11,1
LF:8
LH:8
BRDA:9,0,0,2
BRDA:10,1,0,1
BRF:2
BRH:2
end_of_record
TN:
SF:src/engine/biomeMechanics.ts
FN:3,(anonymous_0)
FN:32,initialBiomeMechanicState
FN:63,getCurrentBiome
FN:82,getBiomeMechanic
FN:93,defaultResult
FN:97,tickSunbursts
FN:116,tickLuminescence
FN:136,tickEruptionSurge
FN:167,tickPressureTide
FN:191,tickWindfall
FN:221,tickThawCycle
FN:246,biomeMechanicTick
FN:298,getCurrentBiomeInfo
FN:299,(anonymous_13)
FN:302,getBiomeIndex
FN:303,(anonymous_15)
FN:310,hasReachedBiome
FN:311,(anonymous_17)
FN:317,getBiomeNameByType
FN:318,(anonymous_19)
FNF:20
FNH:9
FNDA:1,(anonymous_0)
FNDA:16,initialBiomeMechanicState
FNDA:18,getCurrentBiome
FNDA:24,getBiomeMechanic
FNDA:15,defaultResult
FNDA:0,tickSunbursts
FNDA:0,tickLuminescence
FNDA:4,tickEruptionSurge
FNDA:3,tickPressureTide
FNDA:0,tickWindfall
FNDA:6,tickThawCycle
FNDA:15,biomeMechanicTick
FNDA:0,getCurrentBiomeInfo
FNDA:0,(anonymous_13)
FNDA:0,getBiomeIndex
FNDA:0,(anonymous_15)
FNDA:0,hasReachedBiome
FNDA:0,(anonymous_17)
FNDA:0,getBiomeNameByType
FNDA:0,(anonymous_19)
DA:1,1
DA:3,1
DA:4,1
DA:5,1
DA:6,1
DA:7,1
DA:8,1
DA:9,1
DA:10,1
DA:11,1
DA:32,1
DA:33,16
DA:52,1
DA:63,1
DA:64,18
DA:65,88
DA:67,2
DA:70,1
DA:82,1
DA:83,24
DA:94,15
DA:101,0
DA:102,0
DA:103,0
DA:104,0
DA:106,0
DA:107,0
DA:109,0
DA:110,0
DA:111,0
DA:113,0
DA:122,0
DA:123,0
DA:124,0
DA:125,0
DA:126,0
DA:128,0
DA:131,0
DA:132,0
DA:133,0
DA:140,4
DA:141,4
DA:142,4
DA:143,2
DA:144,1
DA:145,1
DA:146,1
DA:148,1
DA:150,2
DA:152,2
DA:153,1
DA:154,1
DA:155,1
DA:157,1
DA:158,1
DA:159,1
DA:160,1
DA:162,0
DA:164,1
DA:173,3
DA:174,3
DA:175,3
DA:176,1
DA:177,0
DA:179,1
DA:182,2
DA:183,2
DA:184,1
DA:185,1
DA:186,1
DA:188,2
DA:195,0
DA:196,0
DA:197,0
DA:198,0
DA:199,0
DA:201,0
DA:202,0
DA:203,0
DA:204,0
DA:205,0
DA:206,0
DA:209,0
DA:210,0
DA:212,0
DA:213,0
DA:214,0
DA:217,0
DA:218,0
DA:227,6
DA:228,6
DA:229,6
DA:230,6
DA:231,6
DA:232,3
DA:233,3
DA:235,6
DA:236,1
DA:237,1
DA:238,1
DA:240,6
DA:241,1
DA:243,6
DA:246,1
DA:254,15
DA:255,15
DA:257,0
DA:259,0
DA:261,1
DA:263,4
DA:265,3
DA:267,0
DA:269,6
DA:271,1
DA:287,1
DA:298,1
DA:299,0
DA:302,1
DA:303,0
DA:304,0
DA:307,1
DA:310,1
DA:311,0
DA:312,0
DA:313,0
DA:317,1
DA:318,0
LF:127
LH:78
BRDA:3,0,0,1
BRDA:3,0,1,1
BRDA:65,1,0,16
BRDA:65,2,0,88
BRDA:65,2,1,88
BRDA:103,3,0,0
BRDA:103,4,0,0
BRDA:103,4,1,0
BRDA:106,5,0,0
BRDA:106,6,0,0
BRDA:106,6,1,0
BRDA:109,7,0,0
BRDA:109,8,0,0
BRDA:109,8,1,0
BRDA:124,9,0,0
BRDA:125,10,0,0
BRDA:125,10,1,0
BRDA:142,11,0,2
BRDA:143,12,0,1
BRDA:143,12,1,1
BRDA:152,13,0,1
BRDA:157,14,0,1
BRDA:157,14,1,0
BRDA:175,15,0,1
BRDA:176,16,0,0
BRDA:176,16,1,1
BRDA:183,17,0,1
BRDA:197,18,0,0
BRDA:197,19,0,0
BRDA:197,19,1,0
BRDA:201,20,0,0
BRDA:201,20,1,0
BRDA:202,21,0,0
BRDA:209,22,0,0
BRDA:212,23,0,0
BRDA:231,24,0,3
BRDA:235,25,0,1
BRDA:240,26,0,1
BRDA:255,27,0,0
BRDA:255,27,1,0
BRDA:255,27,2,1
BRDA:255,27,3,4
BRDA:255,27,4,3
BRDA:255,27,5,0
BRDA:255,27,6,6
BRDA:255,27,7,1
BRDA:299,28,0,0
BRDA:299,28,1,0
BRDA:299,29,0,0
BRDA:299,29,1,0
BRDA:303,30,0,0
BRDA:303,30,1,0
BRDA:304,31,0,0
BRDA:304,31,1,0
BRDA:312,32,0,0
BRDA:318,33,0,0
BRDA:318,33,1,0
BRF:57
BRH:21
end_of_record
TN:
SF:src/engine/bossFight.ts
FN:12,isBossZone
FN:16,getBossHp
FN:20,getBossFailBonus
FN:24,getBossAdDamage
FN:28,startBoss
FN:33,tickBoss
FN:47,failBoss
FN:51,defeatBoss
FN:55,getBossHpPhase
FNF:9
FNH:9
FNDA:11,isBossZone
FNDA:3,getBossHp
FNDA:4,getBossFailBonus
FNDA:1,getBossAdDamage
FNDA:1,startBoss
FNDA:5,tickBoss
FNDA:1,failBoss
FNDA:1,defeatBoss
FNDA:9,getBossHpPhase
DA:3,2
DA:4,2
DA:5,2
DA:6,2
DA:7,2
DA:8,2
DA:9,2
DA:10,2
DA:12,2
DA:13,11
DA:16,2
DA:17,3
DA:20,2
DA:21,4
DA:24,2
DA:25,1
DA:28,2
DA:29,1
DA:30,1
DA:33,2
DA:40,5
DA:41,5
DA:42,5
DA:43,3
DA:44,2
DA:47,2
DA:48,1
DA:51,2
DA:52,1
DA:55,2
DA:56,9
DA:57,8
DA:58,8
DA:59,6
DA:60,4
DA:61,2
LF:36
LH:36
BRDA:13,0,0,11
BRDA:13,0,1,9
BRDA:42,1,0,2
BRDA:43,2,0,1
BRDA:56,3,0,1
BRDA:58,4,0,2
BRDA:59,5,0,2
BRDA:60,6,0,2
BRF:8
BRH:8
end_of_record
TN:
SF:src/engine/dailyRewards.ts
FN:33,getDailyReward
FN:53,describeDailyReward
FNF:2
FNH:2
FNDA:16,getDailyReward
FNDA:7,describeDailyReward
DA:14,1
DA:33,1
DA:37,16
DA:38,16
DA:40,16
DA:42,6
DA:43,6
DA:45,6
DA:53,1
DA:54,7
DA:55,7
DA:56,7
DA:57,7
DA:58,7
LF:14
LH:14
BRDA:40,0,0,10
BRDA:55,1,0,3
BRDA:56,2,0,3
BRDA:56,3,0,2
BRDA:56,3,1,1
BRDA:57,4,0,1
BRDA:58,5,0,7
BRDA:58,5,1,1
BRF:8
BRH:8
end_of_record
TN:
SF:src/engine/discovery.ts
FN:36,parseUnlockCondition
FN:69,createBloomlingInstance
FN:96,getZoneUnlockTemplates
FNF:3
FNH:3
FNDA:147,parseUnlockCondition
FNDA:6,createBloomlingInstance
FNDA:6,getZoneUnlockTemplates
DA:14,1
DA:16,1
DA:36,1
DA:39,147
DA:40,147
DA:41,140
DA:42,140
DA:43,139
DA:45,1
DA:48,7
DA:49,7
DA:50,3
DA:51,3
DA:52,2
DA:54,1
DA:57,4
DA:69,1
DA:70,6
DA:96,1
DA:100,6
DA:101,6
DA:102,2
DA:105,6
DA:106,6
DA:107,210
DA:108,138
DA:110,136
DA:111,136
DA:112,136
DA:114,27
DA:116,6
LF:31
LH:31
BRDA:40,0,0,140
BRDA:40,1,0,147
BRDA:40,1,1,140
BRDA:42,2,0,139
BRDA:42,3,0,140
BRDA:42,3,1,140
BRDA:49,4,0,3
BRDA:49,5,0,7
BRDA:49,5,1,3
BRDA:51,6,0,2
BRDA:51,7,0,3
BRDA:51,7,1,3
BRDA:107,8,0,72
BRDA:108,9,0,2
BRDA:111,10,0,0
BRDA:111,11,0,136
BRDA:111,11,1,136
BRDA:112,12,0,109
BRF:18
BRH:17
end_of_record
TN:
SF:src/engine/evolution.ts
FN:70,getEvolutionCost
FN:81,(anonymous_1)
FN:111,canEvolve
FN:149,getNextEvolutionStage
FN:175,evolveBloomling
FNF:5
FNH:5
FNDA:13,getEvolutionCost
FNDA:15,(anonymous_1)
FNDA:9,canEvolve
FNDA:7,getNextEvolutionStage
FNDA:4,evolveBloomling
DA:9,1
DA:11,1
DA:18,1
DA:28,1
DA:38,1
DA:48,1
DA:70,1
DA:74,13
DA:75,13
DA:76,1
DA:79,12
DA:81,15
DA:83,12
DA:85,7
DA:90,4
DA:95,1
DA:111,1
DA:117,9
DA:118,1
DA:122,8
DA:123,1
DA:127,7
DA:128,7
DA:129,1
DA:133,6
DA:134,6
DA:135,2
DA:137,4
DA:138,1
DA:141,3
DA:149,1
DA:152,7
DA:154,3
DA:156,2
DA:158,2
DA:175,1
DA:176,4
DA:177,4
DA:178,1
DA:181,3
DA:192,1
LF:41
LH:41
BRDA:72,0,0,6
BRDA:75,1,0,1
BRDA:83,2,0,7
BRDA:83,2,1,4
BRDA:83,2,2,1
BRDA:114,3,0,7
BRDA:117,4,0,1
BRDA:122,5,0,1
BRDA:128,6,0,1
BRDA:134,7,0,2
BRDA:137,8,0,1
BRDA:152,9,0,3
BRDA:152,9,1,2
BRDA:152,9,2,2
BRDA:177,10,0,1
BRF:15
BRH:15
end_of_record
TN:
SF:src/engine/gameLoop.ts
FN:91,gameTick
FN:152,applyTick
FN:189,(anonymous_11)
FN:215,applyOfflineProgress
FN:243,(anonymous_13)
FN:272,useGameLoop
FN:281,(anonymous_15)
FN:313,(anonymous_16)
FN:317,(anonymous_17)
FN:335,(anonymous_18)
FN:342,(anonymous_19)
FN:350,(anonymous_20)
FN:351,(anonymous_21)
FN:364,(anonymous_22)
FN:408,(anonymous_23)
FNF:15
FNH:5
FNDA:8,gameTick
FNDA:7,applyTick
FNDA:2,(anonymous_11)
FNDA:13,applyOfflineProgress
FNDA:8,(anonymous_13)
FNDA:0,useGameLoop
FNDA:0,(anonymous_15)
FNDA:0,(anonymous_16)
FNDA:0,(anonymous_17)
FNDA:0,(anonymous_18)
FNDA:0,(anonymous_19)
FNDA:0,(anonymous_20)
FNDA:0,(anonymous_21)
FNDA:0,(anonymous_22)
FNDA:0,(anonymous_23)
DA:9,2
DA:10,2
DA:11,2
DA:12,2
DA:19,2
DA:23,2
DA:24,2
DA:25,2
DA:26,2
DA:30,2
DA:40,2
DA:43,2
DA:46,2
DA:49,2
DA:52,2
DA:55,2
DA:56,2
DA:59,2
DA:65,2
DA:91,2
DA:105,8
DA:108,8
DA:109,8
DA:110,8
DA:113,8
DA:114,8
DA:119,1
DA:123,8
DA:129,0
DA:133,8
DA:136,8
DA:137,8
DA:138,8
DA:140,8
DA:152,2
DA:167,7
DA:168,1
DA:169,1
DA:173,7
DA:174,1
DA:178,7
DA:183,1
DA:187,7
DA:188,1
DA:189,2
DA:191,1
DA:195,7
DA:196,1
DA:200,7
DA:215,2
DA:216,13
DA:219,13
DA:221,11
DA:223,11
DA:224,9
DA:225,9
DA:228,11
DA:229,7
DA:237,11
DA:238,9
DA:239,1
DA:241,9
DA:242,9
DA:243,8
DA:249,8
DA:253,11
DA:254,11
DA:256,11
DA:272,2
DA:273,0
DA:274,0
DA:275,0
DA:276,0
DA:279,0
DA:281,0
DA:282,0
DA:283,0
DA:284,0
DA:287,0
DA:290,0
DA:291,0
DA:292,0
DA:295,0
DA:296,0
DA:297,0
DA:302,0
DA:304,0
DA:309,0
DA:310,0
DA:311,0
DA:313,0
DA:314,0
DA:315,0
DA:317,0
DA:318,0
DA:319,0
DA:320,0
DA:324,0
DA:325,0
DA:327,0
DA:328,0
DA:329,0
DA:332,0
DA:335,0
DA:336,0
DA:337,0
DA:338,0
DA:339,0
DA:342,0
DA:343,0
DA:344,0
DA:345,0
DA:346,0
DA:350,0
DA:351,0
DA:352,0
DA:355,0
DA:357,0
DA:358,0
DA:359,0
DA:362,0
DA:363,0
DA:364,0
DA:366,0
DA:367,0
DA:371,0
DA:372,0
DA:375,0
DA:376,0
DA:377,0
DA:378,0
DA:379,0
DA:380,0
DA:381,0
DA:383,0
DA:384,0
DA:385,0
DA:386,0
DA:387,0
DA:391,0
DA:399,0
DA:400,0
DA:401,0
DA:402,0
DA:403,0
DA:404,0
DA:406,0
DA:408,0
DA:409,0
DA:410,0
LF:150
LH:68
BRDA:114,0,0,1
BRDA:115,1,0,8
BRDA:115,1,1,2
BRDA:115,1,2,2
BRDA:123,2,0,0
BRDA:124,3,0,8
BRDA:124,3,1,0
BRDA:124,3,2,0
BRDA:167,4,0,1
BRDA:173,5,0,1
BRDA:178,6,0,1
BRDA:179,7,0,7
BRDA:179,7,1,1
BRDA:179,7,2,1
BRDA:187,8,0,1
BRDA:195,9,0,1
BRDA:219,10,0,2
BRDA:223,11,0,9
BRDA:228,12,0,7
BRDA:228,13,0,11
BRDA:228,13,1,9
BRDA:237,14,0,9
BRDA:238,15,0,1
BRDA:242,16,0,8
BRDA:242,17,0,9
BRDA:242,17,1,9
BRDA:287,18,0,0
BRDA:290,19,0,0
BRDA:292,20,0,0
BRDA:292,20,1,0
BRDA:297,21,0,0
BRDA:298,22,0,0
BRDA:298,22,1,0
BRDA:298,22,2,0
BRDA:309,23,0,0
BRDA:318,24,0,0
BRDA:327,25,0,0
BRDA:336,26,0,0
BRDA:343,27,0,0
BRDA:352,28,0,0
BRDA:352,28,1,0
BRDA:366,29,0,0
BRDA:371,30,0,0
BRDA:380,31,0,0
BRDA:380,32,0,0
BRDA:380,32,1,0
BRF:46
BRH:23
end_of_record
TN:
SF:src/engine/garden.ts
FN:80,computeGardenSlotBreakdown
FN:85,(anonymous_1)
FN:117,getMaxGardenSlots
FN:134,resizeGardenSlots
FN:166,applyCapacityChange
FN:191,(anonymous_5)
FN:243,validateAddToGarden
FN:266,canAddToGarden
FN:275,hasEmptySlot
FN:287,findFirstEmptySlot
FN:321,placeBloomlingInSlot
FN:377,removeBloomlingFromGarden
FN:384,(anonymous_12)
FN:412,getGardenBloomlings
FNF:14
FNH:14
FNDA:25,computeGardenSlotBreakdown
FNDA:75,(anonymous_1)
FNDA:18,getMaxGardenSlots
FNDA:11,resizeGardenSlots
FNDA:5,applyCapacityChange
FNDA:4,(anonymous_5)
FNDA:12,validateAddToGarden
FNDA:6,canAddToGarden
FNDA:8,hasEmptySlot
FNDA:5,findFirstEmptySlot
FNDA:5,placeBloomlingInSlot
FNDA:3,removeBloomlingFromGarden
FNDA:1,(anonymous_12)
FNDA:3,getGardenBloomlings
DA:31,2
DA:34,2
DA:37,2
DA:47,2
DA:50,2
DA:80,2
DA:83,25
DA:84,25
DA:85,75
DA:88,25
DA:89,25
DA:90,25
DA:91,75
DA:92,75
DA:93,75
DA:96,25
DA:99,25
DA:100,25
DA:102,25
DA:117,2
DA:118,18
DA:134,2
DA:138,11
DA:139,4
DA:141,7
DA:142,3
DA:143,3
DA:144,5
DA:146,3
DA:148,4
DA:166,2
DA:169,5
DA:170,5
DA:172,5
DA:173,1
DA:180,4
DA:181,1
DA:189,3
DA:191,4
DA:192,3
DA:193,1
DA:200,2
DA:201,2
DA:202,2
DA:203,2
DA:204,2
DA:212,2
DA:243,2
DA:248,12
DA:249,12
DA:250,10
DA:252,8
DA:254,8
DA:255,4
DA:256,2
DA:258,2
DA:261,4
DA:262,4
DA:266,2
DA:271,6
DA:275,2
DA:279,8
DA:280,8
DA:281,8
DA:283,5
DA:287,2
DA:291,5
DA:292,5
DA:293,6
DA:295,3
DA:296,2
DA:321,2
DA:326,5
DA:327,5
DA:329,4
DA:330,4
DA:333,3
DA:334,3
DA:337,3
DA:338,3
DA:339,1
DA:340,1
DA:341,1
DA:350,3
DA:351,3
DA:352,1
DA:356,3
DA:357,3
DA:363,3
DA:377,2
DA:381,3
DA:382,3
DA:384,1
DA:385,1
DA:388,1
DA:412,2
DA:415,3
DA:416,3
DA:417,5
DA:418,3
DA:419,3
DA:421,3
LF:102
LH:102
BRDA:91,0,0,75
BRDA:91,0,1,71
BRDA:96,1,0,2
BRDA:96,1,1,23
BRDA:138,2,0,4
BRDA:141,3,0,3
BRDA:172,4,0,1
BRDA:180,5,0,1
BRDA:192,6,0,1
BRDA:203,7,0,2
BRDA:249,8,0,2
BRDA:250,9,0,2
BRDA:254,10,0,4
BRDA:255,11,0,2
BRDA:255,12,0,4
BRDA:255,12,1,4
BRDA:262,13,0,2
BRDA:262,13,1,2
BRDA:281,14,0,3
BRDA:293,15,0,2
BRDA:295,16,0,1
BRDA:327,17,0,1
BRDA:330,18,0,1
BRDA:330,19,0,4
BRDA:330,19,1,4
BRDA:338,20,0,1
BRDA:338,21,0,3
BRDA:338,21,1,1
BRDA:340,22,0,1
BRDA:351,23,0,1
BRDA:351,24,0,3
BRDA:351,24,1,1
BRDA:382,25,0,2
BRDA:382,26,0,3
BRDA:382,26,1,2
BRDA:385,27,0,1
BRDA:385,27,1,0
BRDA:417,28,0,2
BRDA:419,29,0,2
BRF:39
BRH:38
end_of_record
TN:
SF:src/engine/luckySprout.ts
FN:11,(anonymous_0)
FN:63,rollLuckySproutReward
FN:79,nextLuckySproutIntervalMs
FN:87,describeLuckySproutReward
FNF:4
FNH:4
FNDA:3,(anonymous_0)
FNDA:12,rollLuckySproutReward
FNDA:4,nextLuckySproutIntervalMs
FNDA:6,describeLuckySproutReward
DA:11,3
DA:13,3
DA:15,3
DA:17,3
DA:19,3
DA:21,3
DA:25,3
DA:28,3
DA:31,3
DA:34,3
DA:37,3
DA:40,3
DA:43,3
DA:51,3
DA:63,3
DA:66,12
DA:67,12
DA:68,39
DA:69,39
DA:72,1
DA:79,3
DA:82,4
DA:83,4
DA:87,3
DA:91,6
DA:93,1
DA:95,1
DA:97,1
DA:99,2
DA:103,1
LF:30
LH:30
BRDA:11,0,0,3
BRDA:11,0,1,3
BRDA:64,1,0,0
BRDA:69,2,0,11
BRDA:80,3,0,0
BRDA:91,4,0,1
BRDA:91,4,1,1
BRDA:91,4,2,1
BRDA:91,4,3,2
BRDA:91,4,4,1
BRDA:99,5,0,1
BRDA:99,5,1,1
BRF:12
BRH:10
end_of_record
TN:
SF:src/engine/offlineProgress.ts
FN:76,getOfflineEfficiency
FN:94,getDeepRootsMultiplier
FN:115,calculateOfflineProgress
FNF:3
FNH:3
FNDA:15,getOfflineEfficiency
FNDA:10,getDeepRootsMultiplier
FNDA:8,calculateOfflineProgress
DA:15,2
DA:19,2
DA:27,2
DA:30,2
DA:33,2
DA:36,2
DA:39,2
DA:42,2
DA:76,2
DA:79,15
DA:84,15
DA:85,15
DA:86,15
DA:87,15
DA:94,2
DA:97,10
DA:101,10
DA:115,2
DA:121,8
DA:122,8
DA:123,8
DA:124,8
DA:126,8
DA:127,2
DA:130,6
DA:131,6
DA:132,6
DA:133,6
DA:136,6
DA:138,6
LF:30
LH:30
BRDA:80,0,0,15
BRDA:80,0,1,10
BRDA:85,1,0,2
BRDA:85,1,1,13
BRDA:98,2,0,10
BRDA:98,2,1,6
BRDA:119,3,0,7
BRDA:126,4,0,2
BRDA:133,5,0,1
BRDA:133,5,1,5
BRF:10
BRH:10
end_of_record
TN:
SF:src/engine/rebirth.ts
FN:109,calculateNectarEarned
FN:135,canRebirth
FN:158,getRebirthPreview
FN:184,(anonymous_3)
FN:208,getRetainedEvolutionStage
FN:234,resetBloomlingsForRebirth
FN:240,(anonymous_6)
FN:267,filterUpgradesForRebirth
FN:289,getStartingZone
FN:309,getStartingComboCount
FN:320,getUpgradeLevel
FNF:11
FNH:11
FNDA:63,calculateNectarEarned
FNDA:4,canRebirth
FNDA:9,getRebirthPreview
FNDA:36,(anonymous_3)
FNDA:14,getRetainedEvolutionStage
FNDA:5,resetBloomlingsForRebirth
FNDA:6,(anonymous_6)
FNDA:5,filterUpgradesForRebirth
FNDA:6,getStartingZone
FNDA:3,getStartingComboCount
FNDA:2,getUpgradeLevel
DA:16,4
DA:24,4
DA:30,4
DA:36,4
DA:39,4
DA:46,4
DA:64,4
DA:80,4
DA:81,4
DA:82,4
DA:83,4
DA:84,4
DA:87,4
DA:90,4
DA:109,4
DA:115,63
DA:118,56
DA:119,56
DA:120,56
DA:121,56
DA:135,4
DA:139,4
DA:158,4
DA:164,9
DA:171,9
DA:179,9
DA:183,9
DA:184,36
DA:193,9
DA:208,4
DA:213,14
DA:214,3
DA:216,11
DA:221,3
DA:223,8
DA:234,4
DA:239,5
DA:240,6
DA:267,4
DA:270,5
DA:271,5
DA:272,7
DA:273,4
DA:276,5
DA:289,4
DA:293,6
DA:294,6
DA:295,5
DA:299,5
DA:301,6
DA:309,4
DA:310,3
DA:320,4
DA:324,2
LF:54
LH:54
BRDA:111,0,0,10
BRDA:112,1,0,16
BRDA:113,2,0,63
BRDA:115,3,0,7
BRDA:137,4,0,4
BRDA:140,5,0,4
BRDA:140,5,1,2
BRDA:161,6,0,9
BRDA:162,7,0,9
BRDA:171,8,0,3
BRDA:171,8,1,6
BRDA:173,9,0,5
BRDA:173,9,1,1
BRDA:179,10,0,6
BRDA:179,10,1,3
BRDA:213,11,0,3
BRDA:213,12,0,14
BRDA:213,12,1,5
BRDA:216,13,0,3
BRDA:217,14,0,11
BRDA:217,14,1,8
BRDA:217,14,2,5
BRDA:272,15,0,4
BRDA:272,16,0,7
BRDA:272,16,1,5
BRDA:291,17,0,6
BRDA:294,18,0,5
BRDA:299,19,0,5
BRDA:299,19,1,0
BRDA:310,20,0,2
BRDA:310,20,1,1
BRDA:324,21,0,2
BRDA:324,21,1,1
BRF:33
BRH:32
end_of_record
TN:
SF:src/engine/synergies.ts
FN:442,(anonymous_0)
FN:455,getTagSynergyMultiplier
FN:522,findActiveTagSynergies
FN:528,(anonymous_3)
FN:570,findActiveNamedSynergies
FN:607,combineMultipliers
FN:615,calculateActiveSynergies
FN:625,(anonymous_7)
FN:632,(anonymous_8)
FN:659,(anonymous_9)
FN:660,(anonymous_10)
FN:676,getSynergyProductionMultiplier
FN:687,getSynergyTapValueMultiplier
FN:715,reconcileSynergyDiscovery
FNF:14
FNH:13
FNDA:160,(anonymous_0)
FNDA:13,getTagSynergyMultiplier
FNDA:18,findActiveTagSynergies
FNDA:28,(anonymous_3)
FNDA:18,findActiveNamedSynergies
FNDA:20,combineMultipliers
FNDA:12,calculateActiveSynergies
FNDA:18,(anonymous_7)
FNDA:2,(anonymous_8)
FNDA:5,(anonymous_9)
FNDA:5,(anonymous_10)
FNDA:8,getSynergyProductionMultiplier
FNDA:0,getSynergyTapValueMultiplier
FNDA:5,reconcileSynergyDiscovery
DA:37,4
DA:45,4
DA:48,4
DA:51,4
DA:59,4
DA:96,4
DA:441,4
DA:442,160
DA:455,4
DA:456,13
DA:457,11
DA:458,9
DA:459,2
DA:522,4
DA:526,18
DA:528,28
DA:532,18
DA:535,8
DA:536,8
DA:537,17
DA:538,17
DA:539,16
DA:540,31
DA:541,31
DA:542,8
DA:544,23
DA:549,8
DA:550,8
DA:551,23
DA:552,23
DA:553,7
DA:561,8
DA:570,4
DA:573,18
DA:577,9
DA:578,9
DA:579,19
DA:580,19
DA:584,9
DA:585,9
DA:586,360
DA:587,360
DA:588,360
DA:589,398
DA:590,398
DA:591,351
DA:592,351
DA:594,47
DA:596,360
DA:597,9
DA:600,9
DA:608,20
DA:615,4
DA:619,12
DA:620,12
DA:622,12
DA:623,12
DA:625,12
DA:626,18
DA:627,18
DA:632,12
DA:633,2
DA:634,2
DA:637,12
DA:638,5
DA:639,10
DA:643,12
DA:644,5
DA:645,4
DA:646,4
DA:647,8
DA:650,5
DA:651,1
DA:652,1
DA:653,2
DA:658,12
DA:659,5
DA:660,5
DA:663,12
DA:676,4
DA:680,8
DA:687,4
DA:691,0
DA:715,4
DA:719,5
DA:720,5
DA:721,5
DA:722,5
DA:723,3
DA:724,3
DA:727,5
LF:91
LH:90
BRDA:456,0,0,2
BRDA:457,1,0,2
BRDA:458,2,0,7
BRDA:526,3,0,18
BRDA:526,3,1,0
BRDA:532,4,0,10
BRDA:538,5,0,1
BRDA:541,6,0,8
BRDA:541,6,1,23
BRDA:552,7,0,16
BRDA:573,8,0,9
BRDA:579,9,0,19
BRDA:590,10,0,351
BRDA:596,11,0,9
BRDA:626,12,0,18
BRDA:626,12,1,10
BRDA:633,13,0,2
BRDA:633,13,1,2
BRDA:644,14,0,4
BRDA:650,15,0,1
BRDA:680,16,0,8
BRDA:680,16,1,7
BRDA:691,17,0,0
BRDA:691,17,1,0
BRDA:722,18,0,3
BRF:25
BRH:22
end_of_record
TN:
SF:src/engine/tapSystem.ts
FN:67,calculateTapReward
FN:97,shouldResetCombo
FN:107,getNextComboCount
FN:139,isValidTap
FN:173,useTapHandler
FN:177,(anonymous_5)
FN:180,(anonymous_6)
FN:259,(anonymous_7)
FNF:8
FNH:4
FNDA:19,calculateTapReward
FNDA:11,shouldResetCombo
FNDA:7,getNextComboCount
FNDA:5,isValidTap
FNDA:0,useTapHandler
FNDA:0,(anonymous_5)
FNDA:0,(anonymous_6)
FNDA:0,(anonymous_7)
DA:8,1
DA:9,1
DA:10,1
DA:16,1
DA:23,1
DA:26,1
DA:29,1
DA:32,1
DA:35,1
DA:38,1
DA:67,1
DA:75,19
DA:76,19
DA:77,19
DA:80,19
DA:85,19
DA:97,1
DA:98,11
DA:99,9
DA:107,1
DA:114,7
DA:115,2
DA:119,5
DA:120,1
DA:123,4
DA:139,1
DA:141,5
DA:142,5
DA:143,5
DA:144,70
DA:145,70
DA:146,70
DA:147,69
DA:150,5
DA:173,1
DA:174,0
DA:175,0
DA:177,0
DA:178,0
DA:180,0
DA:181,0
DA:182,0
DA:185,0
DA:186,0
DA:190,0
DA:191,0
DA:192,0
DA:195,0
DA:198,0
DA:206,0
DA:208,0
DA:209,0
DA:210,0
DA:211,0
DA:213,0
DA:214,0
DA:215,0
DA:219,0
DA:229,0
DA:231,0
DA:236,0
DA:237,0
DA:238,0
DA:239,0
DA:242,0
DA:247,0
DA:248,0
DA:250,0
DA:253,0
DA:256,0
DA:259,0
DA:269,0
DA:272,0
LF:73
LH:35
BRDA:71,0,0,0
BRDA:72,1,0,0
BRDA:76,2,0,19
BRDA:76,2,1,0
BRDA:83,3,0,2
BRDA:83,3,1,17
BRDA:98,4,0,2
BRDA:114,5,0,2
BRDA:119,6,0,1
BRDA:145,7,0,0
BRDA:146,8,0,1
BRDA:185,9,0,0
BRDA:191,10,0,0
BRDA:208,11,0,0
BRDA:208,11,1,0
BRDA:209,12,0,0
BRDA:209,12,1,0
BRDA:229,13,0,0
BRDA:229,13,1,0
BRDA:231,14,0,0
BRDA:231,14,1,0
BRDA:236,15,0,0
BRDA:236,15,1,0
BRDA:238,16,0,0
BRDA:247,17,0,0
BRDA:247,18,0,0
BRDA:247,18,1,0
BRDA:264,19,0,0
BRDA:264,19,1,0
BRF:29
BRH:7
end_of_record
TN:
SF:src/engine/transcendence.ts
FN:40,calculateEssenceEarned
FN:55,canTranscend
FN:79,getTranscendencePreview
FN:99,resetBloomlingsForTranscendence
FN:103,(anonymous_4)
FNF:5
FNH:5
FNDA:13,calculateEssenceEarned
FNDA:10,canTranscend
FNDA:5,getTranscendencePreview
FNDA:4,resetBloomlingsForTranscendence
FNDA:4,(anonymous_4)
DA:10,1
DA:18,1
DA:21,1
DA:24,1
DA:27,1
DA:30,1
DA:40,1
DA:44,13
DA:45,13
DA:46,11
DA:47,11
DA:48,11
DA:55,1
DA:58,10
DA:79,1
DA:82,5
DA:83,5
DA:99,1
DA:102,4
DA:103,4
LF:20
LH:20
BRDA:42,0,0,13
BRDA:45,1,0,2
BRDA:59,2,0,10
BRDA:59,2,1,7
BRF:4
BRH:4
end_of_record
TN:
SF:src/engine/zoneGates.ts
FN:13,(anonymous_0)
FN:15,isGateZone
FN:19,getGateThreshold
FN:23,getGateFailBonus
FN:27,startGate
FN:31,tickGate
FN:37,failGate
FN:41,clearGate
FNF:8
FNH:7
FNDA:0,(anonymous_0)
FNDA:8,isGateZone
FNDA:1,getGateThreshold
FNDA:5,getGateFailBonus
FNDA:1,startGate
FNDA:3,tickGate
FNDA:1,failGate
FNDA:1,clearGate
DA:2,1
DA:4,1
DA:5,1
DA:6,1
DA:7,1
DA:8,1
DA:9,1
DA:10,1
DA:11,1
DA:13,1
DA:15,1
DA:16,8
DA:19,1
DA:20,1
DA:23,1
DA:24,5
DA:27,1
DA:28,1
DA:31,1
DA:32,3
DA:33,3
DA:34,1
DA:37,1
DA:38,1
DA:41,1
DA:42,1
LF:26
LH:26
BRDA:16,0,0,8
BRDA:16,0,1,6
BRDA:16,0,2,5
BRDA:33,1,0,2
BRF:4
BRH:4
end_of_record
TN:
SF:src/services/analyticsService.ts
FN:31,getStorage
FN:38,readBuffer
FN:48,writeBuffer
FN:57,trackEvent
FN:68,flushAnalytics
FN:75,getAnalyticsSummary
FN:88,trackSessionStart
FN:96,trackSessionEnd
FN:105,trackRetentionEvent
FN:114,trackAdRevenue
FN:126,trackProgression
FN:135,trackEconomy
FN:153,initAnalytics
FNF:13
FNH:6
FNDA:1050,getStorage
FNDA:526,readBuffer
FNDA:524,writeBuffer
FNDA:519,trackEvent
FNDA:5,flushAnalytics
FNDA:2,getAnalyticsSummary
FNDA:0,trackSessionStart
FNDA:0,trackSessionEnd
FNDA:0,trackRetentionEvent
FNDA:0,trackAdRevenue
FNDA:0,trackProgression
FNDA:0,trackEconomy
FNDA:0,initAnalytics
DA:8,2
DA:25,2
DA:26,2
DA:27,2
DA:28,2
DA:30,2
DA:32,1050
DA:33,1
DA:35,1050
DA:39,526
DA:40,526
DA:41,520
DA:42,520
DA:44,0
DA:49,524
DA:57,2
DA:61,519
DA:62,519
DA:64,519
DA:68,2
DA:69,5
DA:70,5
DA:71,5
DA:75,2
DA:76,2
DA:77,2
DA:78,3
DA:80,2
DA:88,2
DA:89,0
DA:90,0
DA:91,0
DA:92,0
DA:96,2
DA:97,0
DA:105,2
DA:106,0
DA:114,2
DA:118,0
DA:126,2
DA:127,0
DA:135,2
DA:140,0
DA:147,2
DA:153,2
DA:154,0
DA:155,0
DA:156,0
DA:157,0
DA:158,0
DA:160,0
DA:163,0
DA:164,0
DA:165,0
LF:54
LH:35
BRDA:32,0,0,1
BRDA:40,1,0,6
BRDA:64,2,0,10
BRDA:64,2,1,509
BRDA:78,3,0,3
BRDA:78,3,1,2
BRDA:90,4,0,0
BRDA:90,4,1,0
BRDA:156,5,0,0
BRDA:164,6,0,0
BRF:10
BRH:6
end_of_record
TN:
SF:src/state/selectors.ts
FN:42,calculateUpgradeCost
FN:64,calculateLevelUpCost
FN:89,calculateBloomlingProduction
FN:106,collectGardenBloomlings
FN:126,totalSunlightPerSecond
FN:165,totalSunlightPerSecondSimple
FN:168,(anonymous_6)
FN:178,totalSunlightPerSecondFromRegistry
FN:189,(anonymous_8)
FN:199,selectActiveSynergies
FN:220,effectiveTapValue
FN:230,getBaseTapValue
FN:239,getTapMultiplier
FN:249,selectEffectiveTapValue
FN:262,getZoneThreshold
FN:269,hasReachedZoneThreshold
FN:280,selectAbilityBonuses
FN:295,canAffordUpgrade
FN:322,calculateNectarOnRebirth
FN:341,getComboMultiplier
FN:353,getActiveBoosts
FN:357,(anonymous_21)
FN:363,getBoostMultiplier
FN:369,(anonymous_23)
FNF:24
FNH:23
FNDA:13,calculateUpgradeCost
FNDA:5,calculateLevelUpCost
FNDA:16,calculateBloomlingProduction
FNDA:27,collectGardenBloomlings
FNDA:17,totalSunlightPerSecond
FNDA:1,totalSunlightPerSecondSimple
FNDA:1,(anonymous_6)
FNDA:12,totalSunlightPerSecondFromRegistry
FNDA:6,(anonymous_8)
FNDA:0,selectActiveSynergies
FNDA:4,effectiveTapValue
FNDA:4,getBaseTapValue
FNDA:5,getTapMultiplier
FNDA:2,selectEffectiveTapValue
FNDA:16,getZoneThreshold
FNDA:10,hasReachedZoneThreshold
FNDA:10,selectAbilityBonuses
FNDA:4,canAffordUpgrade
FNDA:2,calculateNectarOnRebirth
FNDA:7,getComboMultiplier
FNDA:23,getActiveBoosts
FNDA:12,(anonymous_21)
FNDA:12,getBoostMultiplier
FNDA:5,(anonymous_23)
DA:8,3
DA:11,3
DA:12,3
DA:17,3
DA:23,3
DA:31,3
DA:32,3
DA:35,3
DA:42,3
DA:47,13
DA:51,3
DA:54,3
DA:57,3
DA:64,3
DA:69,5
DA:74,5
DA:78,5
DA:89,3
DA:94,16
DA:95,16
DA:109,27
DA:110,27
DA:111,15
DA:112,14
DA:113,14
DA:115,27
DA:126,3
DA:131,17
DA:132,17
DA:134,9
DA:138,9
DA:142,9
DA:143,9
DA:144,11
DA:145,11
DA:150,11
DA:153,11
DA:154,11
DA:156,9
DA:165,3
DA:168,1
DA:178,3
DA:181,12
DA:182,12
DA:183,12
DA:184,12
DA:185,12
DA:186,12
DA:187,12
DA:189,6
DA:199,3
DA:202,0
DA:203,0
DA:220,3
DA:224,4
DA:230,3
DA:231,4
DA:232,4
DA:239,3
DA:242,5
DA:243,5
DA:249,3
DA:252,2
DA:262,3
DA:263,16
DA:269,3
DA:272,10
DA:273,10
DA:274,10
DA:280,3
DA:281,10
DA:282,10
DA:283,2
DA:284,2
DA:295,3
DA:302,4
DA:303,4
DA:305,3
DA:310,3
DA:322,3
DA:325,2
DA:326,2
DA:328,1
DA:341,3
DA:342,7
DA:343,7
DA:353,3
DA:357,23
DA:363,3
DA:367,12
DA:368,12
DA:369,5
LF:92
LH:90
BRDA:111,0,0,1
BRDA:113,1,0,13
BRDA:132,2,0,8
BRDA:134,3,0,5
BRDA:134,3,1,4
BRDA:138,4,0,5
BRDA:138,4,1,4
BRDA:150,5,0,6
BRDA:150,5,1,5
BRDA:153,6,0,11
BRDA:153,6,1,11
BRDA:181,7,0,12
BRDA:181,7,1,11
BRDA:183,8,0,12
BRDA:183,8,1,12
BRDA:185,9,0,12
BRDA:185,9,1,12
BRDA:189,10,0,6
BRDA:189,10,1,0
BRDA:231,11,0,4
BRDA:231,11,1,2
BRDA:242,12,0,5
BRDA:242,12,1,3
BRDA:262,13,0,6
BRDA:282,14,0,8
BRDA:302,15,0,4
BRDA:302,15,1,2
BRDA:303,16,0,1
BRDA:303,17,0,4
BRDA:303,17,1,2
BRDA:326,18,0,1
BRDA:368,19,0,8
BRF:32
BRH:31
end_of_record
TN:
SF:src/types/game.ts
FN:14,(anonymous_0)
FN:24,(anonymous_1)
FN:34,(anonymous_2)
FN:48,(anonymous_3)
FN:60,(anonymous_4)
FN:76,(anonymous_5)
FN:94,(anonymous_6)
FN:110,(anonymous_7)
FN:119,(anonymous_8)
FN:128,(anonymous_9)
FNF:10
FNH:10
FNDA:14,(anonymous_0)
FNDA:14,(anonymous_1)
FNDA:14,(anonymous_2)
FNDA:14,(anonymous_3)
FNDA:14,(anonymous_4)
FNDA:14,(anonymous_5)
FNDA:14,(anonymous_6)
FNDA:14,(anonymous_7)
FNDA:14,(anonymous_8)
FNDA:14,(anonymous_9)
DA:14,14
DA:15,14
DA:16,14
DA:17,14
DA:18,14
DA:19,14
DA:20,14
DA:24,14
DA:26,14
DA:28,14
DA:30,14
DA:34,14
DA:35,14
DA:36,14
DA:37,14
DA:38,14
DA:40,14
DA:41,14
DA:42,14
DA:43,14
DA:44,14
DA:48,14
DA:50,14
DA:52,14
DA:54,14
DA:56,14
DA:60,14
DA:62,14
DA:64,14
DA:66,14
DA:68,14
DA:70,14
DA:72,14
DA:76,14
DA:78,14
DA:80,14
DA:82,14
DA:84,14
DA:86,14
DA:88,14
DA:90,14
DA:94,14
DA:96,14
DA:98,14
DA:100,14
DA:102,14
DA:104,14
DA:106,14
DA:110,14
DA:111,14
DA:112,14
DA:113,14
DA:114,14
DA:115,14
DA:119,14
DA:120,14
DA:121,14
DA:122,14
DA:123,14
DA:124,14
DA:128,14
DA:129,14
DA:130,14
LF:63
LH:63
BRDA:14,0,0,14
BRDA:14,0,1,14
BRDA:24,1,0,14
BRDA:24,1,1,14
BRDA:34,2,0,14
BRDA:34,2,1,14
BRDA:48,3,0,14
BRDA:48,3,1,14
BRDA:60,4,0,14
BRDA:60,4,1,14
BRDA:76,5,0,14
BRDA:76,5,1,14
BRDA:94,6,0,14
BRDA:94,6,1,14
BRDA:110,7,0,14
BRDA:110,7,1,14
BRDA:119,8,0,14
BRDA:119,8,1,14
BRDA:128,9,0,14
BRDA:128,9,1,14
BRF:20
BRH:20
end_of_record
TN:
SF:src/utils/formatNumber.ts
FN:39,formatNumber
FN:78,formatRate
FNF:2
FNH:2
FNDA:25,formatNumber
FNDA:4,formatRate
DA:9,1
DA:39,1
DA:40,25
DA:41,2
DA:44,23
DA:46,11
DA:47,6
DA:49,5
DA:52,12
DA:53,12
DA:55,12
DA:56,22
DA:57,22
DA:60,12
DA:61,12
DA:62,0
DA:65,12
DA:78,1
DA:79,4
LF:19
LH:18
BRDA:39,0,0,20
BRDA:40,1,0,2
BRDA:44,2,0,11
BRDA:46,3,0,6
BRDA:55,4,0,34
BRDA:55,4,1,22
BRDA:61,5,0,0
BRF:7
BRH:6
end_of_record
